2021-03-09 15:10:46 [192.168.1.203][-][bgkvmvpgstna4c714e76bj8402][error][yii\web\HttpException:404] exception 'yii\base\InvalidRouteException' with message 'Unable to resolve the request "admin/trip-c".' in E:\xampp\htdocs\2021\drivers2u\vendor\yiisoft\yii2\base\Module.php:537
Stack trace:
#0 E:\xampp\htdocs\2021\drivers2u\vendor\yiisoft\yii2\web\Application.php(103): yii\base\Module->runAction('admin/trip-c', Array)
#1 E:\xampp\htdocs\2021\drivers2u\vendor\yiisoft\yii2\base\Application.php(386): yii\web\Application->handleRequest(Object(yii\web\Request))
#2 E:\xampp\htdocs\2021\drivers2u\index.php(48): yii\base\Application->run()
#3 {main}

Next exception 'yii\web\NotFoundHttpException' with message 'Page not found.' in E:\xampp\htdocs\2021\drivers2u\vendor\yiisoft\yii2\web\Application.php:115
Stack trace:
#0 E:\xampp\htdocs\2021\drivers2u\vendor\yiisoft\yii2\base\Application.php(386): yii\web\Application->handleRequest(Object(yii\web\Request))
#1 E:\xampp\htdocs\2021\drivers2u\index.php(48): yii\base\Application->run()
#2 {main}
2021-03-09 15:10:46 [192.168.1.203][-][bgkvmvpgstna4c714e76bj8402][warning][yii\debug\Module::checkAccess] Access to debugger is denied due to IP address restriction. The requesting IP address is 192.168.1.203
    in E:\xampp\htdocs\2021\drivers2u\frontend\views\layouts\main.php:218
2021-03-09 15:10:46 [192.168.1.203][-][bgkvmvpgstna4c714e76bj8402][warning][yii\debug\Module::checkAccess] Access to debugger is denied due to IP address restriction. The requesting IP address is 192.168.1.203
2021-03-09 15:10:46 [192.168.1.203][-][bgkvmvpgstna4c714e76bj8402][info][application] $_GET = []

$_POST = []

$_FILES = []

$_COOKIE = [
    'drivers2usession' => 'e9vefrckuusffa0cp8jguk01b4'
    '_csrf' => '7e1e8916c58d964b43edf37f7aae5cdf4ecca10711d4e0145fc786031c1227fda:2:{i:0;s:5:\"_csrf\";i:1;s:32:\"CDU8-iIEUVhj0jyqrnLraf8E-AJioZFs\";}'
    'Swim987963frontend' => 'bgkvmvpgstna4c714e76bj8402'
    '_frontendCSRF' => '32ea22e4f16283accfcd5468dc943b5f74d02e7e18e468c19b9917d8a20207dea:2:{i:0;s:13:\"_frontendCSRF\";i:1;s:32:\"scKj41do7t1HQcEkmuEjvdHtw9iYEt7X\";}'
    '_ga' => 'GA1.1.1851778436.1615282832'
    '_gid' => 'GA1.1.1935410792.1615282832'
    '_gat' => '1'
]

$_SESSION = [
    '__flash' => []
]

$_SERVER = [
    'REDIRECT_MIBDIRS' => 'E:/xampp/php/extras/mibs'
    'REDIRECT_MYSQL_HOME' => '\\xampp\\mysql\\bin'
    'REDIRECT_OPENSSL_CONF' => 'E:/xampp/apache/bin/openssl.cnf'
    'REDIRECT_PHP_PEAR_SYSCONF_DIR' => '\\xampp\\php'
    'REDIRECT_PHPRC' => '\\xampp\\php'
    'REDIRECT_TMP' => '\\xampp\\tmp'
    'REDIRECT_STATUS' => '200'
    'MIBDIRS' => 'E:/xampp/php/extras/mibs'
    'MYSQL_HOME' => '\\xampp\\mysql\\bin'
    'OPENSSL_CONF' => 'E:/xampp/apache/bin/openssl.cnf'
    'PHP_PEAR_SYSCONF_DIR' => '\\xampp\\php'
    'PHPRC' => '\\xampp\\php'
    'TMP' => '\\xampp\\tmp'
    'HTTP_HOST' => '192.168.1.114'
    'HTTP_CONNECTION' => 'keep-alive'
    'HTTP_UPGRADE_INSECURE_REQUESTS' => '1'
    'HTTP_USER_AGENT' => 'Mozilla/5.0 (Windows NT 6.1; Win64; x64) AppleWebKit/537.36 (KHTML, like Gecko) Chrome/88.0.4324.190 Safari/537.36'
    'HTTP_ACCEPT' => 'text/html,application/xhtml+xml,application/xml;q=0.9,image/avif,image/webp,image/apng,*/*;q=0.8,application/signed-exchange;v=b3;q=0.9'
    'HTTP_ACCEPT_ENCODING' => 'gzip, deflate'
    'HTTP_ACCEPT_LANGUAGE' => 'en-US,en;q=0.9,la;q=0.8'
    'HTTP_COOKIE' => 'drivers2usession=e9vefrckuusffa0cp8jguk01b4; _csrf=7e1e8916c58d964b43edf37f7aae5cdf4ecca10711d4e0145fc786031c1227fda%3A2%3A%7Bi%3A0%3Bs%3A5%3A%22_csrf%22%3Bi%3A1%3Bs%3A32%3A%22CDU8-iIEUVhj0jyqrnLraf8E-AJioZFs%22%3B%7D; Swim987963frontend=bgkvmvpgstna4c714e76bj8402; _frontendCSRF=32ea22e4f16283accfcd5468dc943b5f74d02e7e18e468c19b9917d8a20207dea%3A2%3A%7Bi%3A0%3Bs%3A13%3A%22_frontendCSRF%22%3Bi%3A1%3Bs%3A32%3A%22scKj41do7t1HQcEkmuEjvdHtw9iYEt7X%22%3B%7D; _ga=GA1.1.1851778436.1615282832; _gid=GA1.1.1935410792.1615282832; _gat=1'
    'PATH' => 'C:\\Program Files (x86)\\Common Files\\Oracle\\Java\\javapath;C:\\Windows\\system32;C:\\Windows;C:\\Windows\\System32\\Wbem;C:\\Windows\\System32\\WindowsPowerShell\\v1.0\\;C:\\Program Files\\Microsoft SQL Server\\120\\Tools\\Binn\\;C:\\Program Files\\Microsoft SQL Server\\Client SDK\\ODBC\\110\\Tools\\Binn\\;C:\\Program Files (x86)\\Microsoft SQL Server\\120\\Tools\\Binn\\;C:\\Program Files\\Microsoft SQL Server\\120\\DTS\\Binn\\;C:\\Program Files (x86)\\Microsoft SQL Server\\120\\Tools\\Binn\\ManagementStudio\\;C:\\Program Files (x86)\\Microsoft SQL Server\\120\\DTS\\Binn\\;C:\\Program Files\\nodejs\\;C:\\Program Files\\PuTTY\\;E:\\xampp\\php;C:\\composer;C:\\Program Files\\Git\\cmd;C:\\Users\\Admin\\AppData\\Roaming\\npm;C:\\Users\\Admin\\AppData\\Roaming\\Composer\\vendor\\bin;C:\\Users\\Admin\\AppData\\Local\\Programs\\Microsoft VS Code\\bin'
    'SystemRoot' => 'C:\\Windows'
    'COMSPEC' => 'C:\\Windows\\system32\\cmd.exe'
    'PATHEXT' => '.COM;.EXE;.BAT;.CMD;.VBS;.VBE;.JS;.JSE;.WSF;.WSH;.MSC'
    'WINDIR' => 'C:\\Windows'
    'SERVER_SIGNATURE' => '<address>Apache/2.4.17 (Win32) OpenSSL/1.0.2d PHP/5.6.14 Server at 192.168.1.114 Port 80</address>
'
    'SERVER_SOFTWARE' => 'Apache/2.4.17 (Win32) OpenSSL/1.0.2d PHP/5.6.14'
    'SERVER_NAME' => '192.168.1.114'
    'SERVER_ADDR' => '192.168.1.114'
    'SERVER_PORT' => '80'
    'REMOTE_ADDR' => '192.168.1.203'
    'DOCUMENT_ROOT' => 'E:/xampp/htdocs'
    'REQUEST_SCHEME' => 'http'
    'CONTEXT_PREFIX' => ''
    'CONTEXT_DOCUMENT_ROOT' => 'E:/xampp/htdocs'
    'SERVER_ADMIN' => 'postmaster@localhost'
    'SCRIPT_FILENAME' => 'E:/xampp/htdocs/2021/drivers2u/index.php'
    'REMOTE_PORT' => '63535'
    'REDIRECT_URL' => 'http://192.168.1.114/2021/drivers2u/admin/trip-c'
    'GATEWAY_INTERFACE' => 'CGI/1.1'
    'SERVER_PROTOCOL' => 'HTTP/1.1'
    'REQUEST_METHOD' => 'GET'
    'QUERY_STRING' => ''
    'REQUEST_URI' => '/2021/drivers2u/admin/trip-c'
    'SCRIPT_NAME' => '/2021/drivers2u/index.php'
    'PHP_SELF' => '/2021/drivers2u/index.php'
    'REQUEST_TIME_FLOAT' => 1615282846.489
    'REQUEST_TIME' => 1615282846
]
2021-03-09 15:10:47 [192.168.1.203][-][bgkvmvpgstna4c714e76bj8402][error][yii\web\HttpException:404] exception 'yii\base\InvalidRouteException' with message 'Unable to resolve the request "frontend/web/images/swim_logo1.png".' in E:\xampp\htdocs\2021\drivers2u\vendor\yiisoft\yii2\base\Module.php:537
Stack trace:
#0 E:\xampp\htdocs\2021\drivers2u\vendor\yiisoft\yii2\web\Application.php(103): yii\base\Module->runAction('frontend/web/im...', Array)
#1 E:\xampp\htdocs\2021\drivers2u\vendor\yiisoft\yii2\base\Application.php(386): yii\web\Application->handleRequest(Object(yii\web\Request))
#2 E:\xampp\htdocs\2021\drivers2u\index.php(48): yii\base\Application->run()
#3 {main}

Next exception 'yii\web\NotFoundHttpException' with message 'Page not found.' in E:\xampp\htdocs\2021\drivers2u\vendor\yiisoft\yii2\web\Application.php:115
Stack trace:
#0 E:\xampp\htdocs\2021\drivers2u\vendor\yiisoft\yii2\base\Application.php(386): yii\web\Application->handleRequest(Object(yii\web\Request))
#1 E:\xampp\htdocs\2021\drivers2u\index.php(48): yii\base\Application->run()
#2 {main}
2021-03-09 15:10:47 [192.168.1.203][-][bgkvmvpgstna4c714e76bj8402][warning][yii\debug\Module::checkAccess] Access to debugger is denied due to IP address restriction. The requesting IP address is 192.168.1.203
    in E:\xampp\htdocs\2021\drivers2u\frontend\views\layouts\main.php:218
2021-03-09 15:10:47 [192.168.1.203][-][bgkvmvpgstna4c714e76bj8402][warning][yii\debug\Module::checkAccess] Access to debugger is denied due to IP address restriction. The requesting IP address is 192.168.1.203
2021-03-09 15:10:46 [192.168.1.203][-][bgkvmvpgstna4c714e76bj8402][info][application] $_GET = []

$_POST = []

$_FILES = []

$_COOKIE = [
    'drivers2usession' => 'e9vefrckuusffa0cp8jguk01b4'
    '_csrf' => '7e1e8916c58d964b43edf37f7aae5cdf4ecca10711d4e0145fc786031c1227fda:2:{i:0;s:5:\"_csrf\";i:1;s:32:\"CDU8-iIEUVhj0jyqrnLraf8E-AJioZFs\";}'
    'Swim987963frontend' => 'bgkvmvpgstna4c714e76bj8402'
    '_frontendCSRF' => '32ea22e4f16283accfcd5468dc943b5f74d02e7e18e468c19b9917d8a20207dea:2:{i:0;s:13:\"_frontendCSRF\";i:1;s:32:\"scKj41do7t1HQcEkmuEjvdHtw9iYEt7X\";}'
    '_ga' => 'GA1.1.1851778436.1615282832'
    '_gid' => 'GA1.1.1935410792.1615282832'
    '_gat' => '1'
]

$_SESSION = [
    '__flash' => []
]

$_SERVER = [
    'REDIRECT_MIBDIRS' => 'E:/xampp/php/extras/mibs'
    'REDIRECT_MYSQL_HOME' => '\\xampp\\mysql\\bin'
    'REDIRECT_OPENSSL_CONF' => 'E:/xampp/apache/bin/openssl.cnf'
    'REDIRECT_PHP_PEAR_SYSCONF_DIR' => '\\xampp\\php'
    'REDIRECT_PHPRC' => '\\xampp\\php'
    'REDIRECT_TMP' => '\\xampp\\tmp'
    'REDIRECT_STATUS' => '200'
    'MIBDIRS' => 'E:/xampp/php/extras/mibs'
    'MYSQL_HOME' => '\\xampp\\mysql\\bin'
    'OPENSSL_CONF' => 'E:/xampp/apache/bin/openssl.cnf'
    'PHP_PEAR_SYSCONF_DIR' => '\\xampp\\php'
    'PHPRC' => '\\xampp\\php'
    'TMP' => '\\xampp\\tmp'
    'HTTP_HOST' => '192.168.1.114'
    'HTTP_CONNECTION' => 'keep-alive'
    'HTTP_USER_AGENT' => 'Mozilla/5.0 (Windows NT 6.1; Win64; x64) AppleWebKit/537.36 (KHTML, like Gecko) Chrome/88.0.4324.190 Safari/537.36'
    'HTTP_ACCEPT' => 'image/avif,image/webp,image/apng,image/svg+xml,image/*,*/*;q=0.8'
    'HTTP_REFERER' => 'http://192.168.1.114/2021/drivers2u/admin/trip-c'
    'HTTP_ACCEPT_ENCODING' => 'gzip, deflate'
    'HTTP_ACCEPT_LANGUAGE' => 'en-US,en;q=0.9,la;q=0.8'
    'HTTP_COOKIE' => 'drivers2usession=e9vefrckuusffa0cp8jguk01b4; _csrf=7e1e8916c58d964b43edf37f7aae5cdf4ecca10711d4e0145fc786031c1227fda%3A2%3A%7Bi%3A0%3Bs%3A5%3A%22_csrf%22%3Bi%3A1%3Bs%3A32%3A%22CDU8-iIEUVhj0jyqrnLraf8E-AJioZFs%22%3B%7D; Swim987963frontend=bgkvmvpgstna4c714e76bj8402; _frontendCSRF=32ea22e4f16283accfcd5468dc943b5f74d02e7e18e468c19b9917d8a20207dea%3A2%3A%7Bi%3A0%3Bs%3A13%3A%22_frontendCSRF%22%3Bi%3A1%3Bs%3A32%3A%22scKj41do7t1HQcEkmuEjvdHtw9iYEt7X%22%3B%7D; _ga=GA1.1.1851778436.1615282832; _gid=GA1.1.1935410792.1615282832; _gat=1'
    'PATH' => 'C:\\Program Files (x86)\\Common Files\\Oracle\\Java\\javapath;C:\\Windows\\system32;C:\\Windows;C:\\Windows\\System32\\Wbem;C:\\Windows\\System32\\WindowsPowerShell\\v1.0\\;C:\\Program Files\\Microsoft SQL Server\\120\\Tools\\Binn\\;C:\\Program Files\\Microsoft SQL Server\\Client SDK\\ODBC\\110\\Tools\\Binn\\;C:\\Program Files (x86)\\Microsoft SQL Server\\120\\Tools\\Binn\\;C:\\Program Files\\Microsoft SQL Server\\120\\DTS\\Binn\\;C:\\Program Files (x86)\\Microsoft SQL Server\\120\\Tools\\Binn\\ManagementStudio\\;C:\\Program Files (x86)\\Microsoft SQL Server\\120\\DTS\\Binn\\;C:\\Program Files\\nodejs\\;C:\\Program Files\\PuTTY\\;E:\\xampp\\php;C:\\composer;C:\\Program Files\\Git\\cmd;C:\\Users\\Admin\\AppData\\Roaming\\npm;C:\\Users\\Admin\\AppData\\Roaming\\Composer\\vendor\\bin;C:\\Users\\Admin\\AppData\\Local\\Programs\\Microsoft VS Code\\bin'
    'SystemRoot' => 'C:\\Windows'
    'COMSPEC' => 'C:\\Windows\\system32\\cmd.exe'
    'PATHEXT' => '.COM;.EXE;.BAT;.CMD;.VBS;.VBE;.JS;.JSE;.WSF;.WSH;.MSC'
    'WINDIR' => 'C:\\Windows'
    'SERVER_SIGNATURE' => '<address>Apache/2.4.17 (Win32) OpenSSL/1.0.2d PHP/5.6.14 Server at 192.168.1.114 Port 80</address>
'
    'SERVER_SOFTWARE' => 'Apache/2.4.17 (Win32) OpenSSL/1.0.2d PHP/5.6.14'
    'SERVER_NAME' => '192.168.1.114'
    'SERVER_ADDR' => '192.168.1.114'
    'SERVER_PORT' => '80'
    'REMOTE_ADDR' => '192.168.1.203'
    'DOCUMENT_ROOT' => 'E:/xampp/htdocs'
    'REQUEST_SCHEME' => 'http'
    'CONTEXT_PREFIX' => ''
    'CONTEXT_DOCUMENT_ROOT' => 'E:/xampp/htdocs'
    'SERVER_ADMIN' => 'postmaster@localhost'
    'SCRIPT_FILENAME' => 'E:/xampp/htdocs/2021/drivers2u/index.php'
    'REMOTE_PORT' => '63535'
    'REDIRECT_URL' => 'http://192.168.1.114/2021/drivers2u/frontend/web/images/swim_logo1.png'
    'GATEWAY_INTERFACE' => 'CGI/1.1'
    'SERVER_PROTOCOL' => 'HTTP/1.1'
    'REQUEST_METHOD' => 'GET'
    'QUERY_STRING' => ''
    'REQUEST_URI' => '/2021/drivers2u/frontend/web/images/swim_logo1.png'
    'SCRIPT_NAME' => '/2021/drivers2u/index.php'
    'PHP_SELF' => '/2021/drivers2u/index.php'
    'REQUEST_TIME_FLOAT' => 1615282846.942
    'REQUEST_TIME' => 1615282846
]
2021-03-09 15:10:47 [192.168.1.114][-][79bjtr927ctc9ps9mme21vrl10][error][yii\web\HttpException:404] exception 'yii\base\InvalidRouteException' with message 'Unable to resolve the request "frontend/web/plugins/bootstrap/css/bootstrap.css.map".' in E:\xampp\htdocs\2021\drivers2u\vendor\yiisoft\yii2\base\Module.php:537
Stack trace:
#0 E:\xampp\htdocs\2021\drivers2u\vendor\yiisoft\yii2\web\Application.php(103): yii\base\Module->runAction('frontend/web/pl...', Array)
#1 E:\xampp\htdocs\2021\drivers2u\vendor\yiisoft\yii2\base\Application.php(386): yii\web\Application->handleRequest(Object(yii\web\Request))
#2 E:\xampp\htdocs\2021\drivers2u\index.php(48): yii\base\Application->run()
#3 {main}

Next exception 'yii\web\NotFoundHttpException' with message 'Page not found.' in E:\xampp\htdocs\2021\drivers2u\vendor\yiisoft\yii2\web\Application.php:115
Stack trace:
#0 E:\xampp\htdocs\2021\drivers2u\vendor\yiisoft\yii2\base\Application.php(386): yii\web\Application->handleRequest(Object(yii\web\Request))
#1 E:\xampp\htdocs\2021\drivers2u\index.php(48): yii\base\Application->run()
#2 {main}
2021-03-09 15:10:47 [192.168.1.114][-][79bjtr927ctc9ps9mme21vrl10][warning][yii\debug\Module::checkAccess] Access to debugger is denied due to IP address restriction. The requesting IP address is 192.168.1.114
    in E:\xampp\htdocs\2021\drivers2u\frontend\views\layouts\main.php:218
2021-03-09 15:10:47 [192.168.1.114][-][79bjtr927ctc9ps9mme21vrl10][warning][yii\debug\Module::checkAccess] Access to debugger is denied due to IP address restriction. The requesting IP address is 192.168.1.114
2021-03-09 15:10:47 [192.168.1.114][-][79bjtr927ctc9ps9mme21vrl10][info][application] $_GET = []

$_POST = []

$_FILES = []

$_COOKIE = [
    '_ga' => 'GA1.1.540934922.1614670549'
    'drivers2usession' => 'mrqeltqnprd83sch928fpr3m94'
    'Swim987963backend' => 'frmohrmr4iersiabd13137o5e0'
    '_csrf' => '1a38e5b3fff7e193cd3edcc62fa1d6b6c8d81b9a064548277559733539660c47a:2:{i:0;s:5:\"_csrf\";i:1;s:32:\"5gaT15uA05HKp1rPP48sgPqXEXt7Whvx\";}'
    'Swim987963frontend' => '79bjtr927ctc9ps9mme21vrl10'
    '_frontendCSRF' => 'e29b001bc988382538ae9e1b77f444e1ef169feaeb41d8f847e7701e827bb3e8a:2:{i:0;s:13:\"_frontendCSRF\";i:1;s:32:\"13vXQg4BfCejm0g3P0t2xP6RedXTFWy-\";}'
    '_gid' => 'GA1.1.983313488.1615282834'
    '_gat' => '1'
]

$_SESSION = [
    '__flash' => []
]

$_SERVER = [
    'REDIRECT_MIBDIRS' => 'E:/xampp/php/extras/mibs'
    'REDIRECT_MYSQL_HOME' => '\\xampp\\mysql\\bin'
    'REDIRECT_OPENSSL_CONF' => 'E:/xampp/apache/bin/openssl.cnf'
    'REDIRECT_PHP_PEAR_SYSCONF_DIR' => '\\xampp\\php'
    'REDIRECT_PHPRC' => '\\xampp\\php'
    'REDIRECT_TMP' => '\\xampp\\tmp'
    'REDIRECT_STATUS' => '200'
    'MIBDIRS' => 'E:/xampp/php/extras/mibs'
    'MYSQL_HOME' => '\\xampp\\mysql\\bin'
    'OPENSSL_CONF' => 'E:/xampp/apache/bin/openssl.cnf'
    'PHP_PEAR_SYSCONF_DIR' => '\\xampp\\php'
    'PHPRC' => '\\xampp\\php'
    'TMP' => '\\xampp\\tmp'
    'HTTP_HOST' => '192.168.1.114'
    'HTTP_CONNECTION' => 'keep-alive'
    'HTTP_PRAGMA' => 'no-cache'
    'HTTP_CACHE_CONTROL' => 'no-cache'
    'HTTP_USER_AGENT' => 'Mozilla/5.0 (Windows NT 6.1; Win64; x64) AppleWebKit/537.36 (KHTML, like Gecko) Chrome/88.0.4324.190 Safari/537.36'
    'HTTP_ACCEPT_ENCODING' => 'gzip, deflate'
    'HTTP_ACCEPT_LANGUAGE' => 'en-US,en;q=0.9'
    'HTTP_COOKIE' => '_ga=GA1.1.540934922.1614670549; drivers2usession=mrqeltqnprd83sch928fpr3m94; Swim987963backend=frmohrmr4iersiabd13137o5e0; _csrf=1a38e5b3fff7e193cd3edcc62fa1d6b6c8d81b9a064548277559733539660c47a%3A2%3A%7Bi%3A0%3Bs%3A5%3A%22_csrf%22%3Bi%3A1%3Bs%3A32%3A%225gaT15uA05HKp1rPP48sgPqXEXt7Whvx%22%3B%7D; Swim987963frontend=79bjtr927ctc9ps9mme21vrl10; _frontendCSRF=e29b001bc988382538ae9e1b77f444e1ef169feaeb41d8f847e7701e827bb3e8a%3A2%3A%7Bi%3A0%3Bs%3A13%3A%22_frontendCSRF%22%3Bi%3A1%3Bs%3A32%3A%2213vXQg4BfCejm0g3P0t2xP6RedXTFWy-%22%3B%7D; _gid=GA1.1.983313488.1615282834; _gat=1'
    'PATH' => 'C:\\Program Files (x86)\\Common Files\\Oracle\\Java\\javapath;C:\\Windows\\system32;C:\\Windows;C:\\Windows\\System32\\Wbem;C:\\Windows\\System32\\WindowsPowerShell\\v1.0\\;C:\\Program Files\\Microsoft SQL Server\\120\\Tools\\Binn\\;C:\\Program Files\\Microsoft SQL Server\\Client SDK\\ODBC\\110\\Tools\\Binn\\;C:\\Program Files (x86)\\Microsoft SQL Server\\120\\Tools\\Binn\\;C:\\Program Files\\Microsoft SQL Server\\120\\DTS\\Binn\\;C:\\Program Files (x86)\\Microsoft SQL Server\\120\\Tools\\Binn\\ManagementStudio\\;C:\\Program Files (x86)\\Microsoft SQL Server\\120\\DTS\\Binn\\;C:\\Program Files\\nodejs\\;C:\\Program Files\\PuTTY\\;E:\\xampp\\php;C:\\composer;C:\\Program Files\\Git\\cmd;C:\\Users\\Admin\\AppData\\Roaming\\npm;C:\\Users\\Admin\\AppData\\Roaming\\Composer\\vendor\\bin;C:\\Users\\Admin\\AppData\\Local\\Programs\\Microsoft VS Code\\bin'
    'SystemRoot' => 'C:\\Windows'
    'COMSPEC' => 'C:\\Windows\\system32\\cmd.exe'
    'PATHEXT' => '.COM;.EXE;.BAT;.CMD;.VBS;.VBE;.JS;.JSE;.WSF;.WSH;.MSC'
    'WINDIR' => 'C:\\Windows'
    'SERVER_SIGNATURE' => '<address>Apache/2.4.17 (Win32) OpenSSL/1.0.2d PHP/5.6.14 Server at 192.168.1.114 Port 80</address>
'
    'SERVER_SOFTWARE' => 'Apache/2.4.17 (Win32) OpenSSL/1.0.2d PHP/5.6.14'
    'SERVER_NAME' => '192.168.1.114'
    'SERVER_ADDR' => '192.168.1.114'
    'SERVER_PORT' => '80'
    'REMOTE_ADDR' => '192.168.1.114'
    'DOCUMENT_ROOT' => 'E:/xampp/htdocs'
    'REQUEST_SCHEME' => 'http'
    'CONTEXT_PREFIX' => ''
    'CONTEXT_DOCUMENT_ROOT' => 'E:/xampp/htdocs'
    'SERVER_ADMIN' => 'postmaster@localhost'
    'SCRIPT_FILENAME' => 'E:/xampp/htdocs/2021/drivers2u/index.php'
    'REMOTE_PORT' => '50448'
    'REDIRECT_URL' => 'http://192.168.1.114/2021/drivers2u/frontend/web/plugins/bootstrap/css/bootstrap.css.map'
    'GATEWAY_INTERFACE' => 'CGI/1.1'
    'SERVER_PROTOCOL' => 'HTTP/1.1'
    'REQUEST_METHOD' => 'GET'
    'QUERY_STRING' => ''
    'REQUEST_URI' => '/2021/drivers2u/frontend/web/plugins/bootstrap/css/bootstrap.css.map'
    'SCRIPT_NAME' => '/2021/drivers2u/index.php'
    'PHP_SELF' => '/2021/drivers2u/index.php'
    'REQUEST_TIME_FLOAT' => 1615282847.319
    'REQUEST_TIME' => 1615282847
]
2021-03-09 15:11:05 [192.168.1.114][-][79bjtr927ctc9ps9mme21vrl10][error][yii\web\HttpException:404] exception 'yii\base\InvalidRouteException' with message 'Unable to resolve the request "dashboard".' in E:\xampp\htdocs\2021\drivers2u\vendor\yiisoft\yii2\base\Module.php:537
Stack trace:
#0 E:\xampp\htdocs\2021\drivers2u\vendor\yiisoft\yii2\web\Application.php(103): yii\base\Module->runAction('dashboard', Array)
#1 E:\xampp\htdocs\2021\drivers2u\vendor\yiisoft\yii2\base\Application.php(386): yii\web\Application->handleRequest(Object(yii\web\Request))
#2 E:\xampp\htdocs\2021\drivers2u\index.php(48): yii\base\Application->run()
#3 {main}

Next exception 'yii\web\NotFoundHttpException' with message 'Page not found.' in E:\xampp\htdocs\2021\drivers2u\vendor\yiisoft\yii2\web\Application.php:115
Stack trace:
#0 E:\xampp\htdocs\2021\drivers2u\vendor\yiisoft\yii2\base\Application.php(386): yii\web\Application->handleRequest(Object(yii\web\Request))
#1 E:\xampp\htdocs\2021\drivers2u\index.php(48): yii\base\Application->run()
#2 {main}
2021-03-09 15:11:05 [192.168.1.114][-][79bjtr927ctc9ps9mme21vrl10][warning][yii\debug\Module::checkAccess] Access to debugger is denied due to IP address restriction. The requesting IP address is 192.168.1.114
    in E:\xampp\htdocs\2021\drivers2u\frontend\views\layouts\main.php:218
2021-03-09 15:11:05 [192.168.1.114][-][79bjtr927ctc9ps9mme21vrl10][warning][yii\debug\Module::checkAccess] Access to debugger is denied due to IP address restriction. The requesting IP address is 192.168.1.114
2021-03-09 15:11:05 [192.168.1.114][-][79bjtr927ctc9ps9mme21vrl10][info][application] $_GET = []

$_POST = []

$_FILES = []

$_COOKIE = [
    '_ga' => 'GA1.1.540934922.1614670549'
    'drivers2usession' => 'mrqeltqnprd83sch928fpr3m94'
    'Swim987963backend' => 'frmohrmr4iersiabd13137o5e0'
    '_csrf' => '1a38e5b3fff7e193cd3edcc62fa1d6b6c8d81b9a064548277559733539660c47a:2:{i:0;s:5:\"_csrf\";i:1;s:32:\"5gaT15uA05HKp1rPP48sgPqXEXt7Whvx\";}'
    'Swim987963frontend' => '79bjtr927ctc9ps9mme21vrl10'
    '_frontendCSRF' => 'e29b001bc988382538ae9e1b77f444e1ef169feaeb41d8f847e7701e827bb3e8a:2:{i:0;s:13:\"_frontendCSRF\";i:1;s:32:\"13vXQg4BfCejm0g3P0t2xP6RedXTFWy-\";}'
    '_gid' => 'GA1.1.983313488.1615282834'
    '_gat' => '1'
]

$_SESSION = [
    '__flash' => []
]

$_SERVER = [
    'MIBDIRS' => 'E:/xampp/php/extras/mibs'
    'MYSQL_HOME' => '\\xampp\\mysql\\bin'
    'OPENSSL_CONF' => 'E:/xampp/apache/bin/openssl.cnf'
    'PHP_PEAR_SYSCONF_DIR' => '\\xampp\\php'
    'PHPRC' => '\\xampp\\php'
    'TMP' => '\\xampp\\tmp'
    'HTTP_HOST' => '192.168.1.114'
    'HTTP_CONNECTION' => 'keep-alive'
    'HTTP_CACHE_CONTROL' => 'max-age=0'
    'HTTP_UPGRADE_INSECURE_REQUESTS' => '1'
    'HTTP_USER_AGENT' => 'Mozilla/5.0 (Windows NT 6.1; Win64; x64) AppleWebKit/537.36 (KHTML, like Gecko) Chrome/88.0.4324.190 Safari/537.36'
    'HTTP_ACCEPT' => 'text/html,application/xhtml+xml,application/xml;q=0.9,image/avif,image/webp,image/apng,*/*;q=0.8,application/signed-exchange;v=b3;q=0.9'
    'HTTP_REFERER' => 'http://192.168.1.114/2021/drivers2u/index.php/dashboard'
    'HTTP_ACCEPT_ENCODING' => 'gzip, deflate'
    'HTTP_ACCEPT_LANGUAGE' => 'en-US,en;q=0.9'
    'HTTP_COOKIE' => '_ga=GA1.1.540934922.1614670549; drivers2usession=mrqeltqnprd83sch928fpr3m94; Swim987963backend=frmohrmr4iersiabd13137o5e0; _csrf=1a38e5b3fff7e193cd3edcc62fa1d6b6c8d81b9a064548277559733539660c47a%3A2%3A%7Bi%3A0%3Bs%3A5%3A%22_csrf%22%3Bi%3A1%3Bs%3A32%3A%225gaT15uA05HKp1rPP48sgPqXEXt7Whvx%22%3B%7D; Swim987963frontend=79bjtr927ctc9ps9mme21vrl10; _frontendCSRF=e29b001bc988382538ae9e1b77f444e1ef169feaeb41d8f847e7701e827bb3e8a%3A2%3A%7Bi%3A0%3Bs%3A13%3A%22_frontendCSRF%22%3Bi%3A1%3Bs%3A32%3A%2213vXQg4BfCejm0g3P0t2xP6RedXTFWy-%22%3B%7D; _gid=GA1.1.983313488.1615282834; _gat=1'
    'PATH' => 'C:\\Program Files (x86)\\Common Files\\Oracle\\Java\\javapath;C:\\Windows\\system32;C:\\Windows;C:\\Windows\\System32\\Wbem;C:\\Windows\\System32\\WindowsPowerShell\\v1.0\\;C:\\Program Files\\Microsoft SQL Server\\120\\Tools\\Binn\\;C:\\Program Files\\Microsoft SQL Server\\Client SDK\\ODBC\\110\\Tools\\Binn\\;C:\\Program Files (x86)\\Microsoft SQL Server\\120\\Tools\\Binn\\;C:\\Program Files\\Microsoft SQL Server\\120\\DTS\\Binn\\;C:\\Program Files (x86)\\Microsoft SQL Server\\120\\Tools\\Binn\\ManagementStudio\\;C:\\Program Files (x86)\\Microsoft SQL Server\\120\\DTS\\Binn\\;C:\\Program Files\\nodejs\\;C:\\Program Files\\PuTTY\\;E:\\xampp\\php;C:\\composer;C:\\Program Files\\Git\\cmd;C:\\Users\\Admin\\AppData\\Roaming\\npm;C:\\Users\\Admin\\AppData\\Roaming\\Composer\\vendor\\bin;C:\\Users\\Admin\\AppData\\Local\\Programs\\Microsoft VS Code\\bin'
    'SystemRoot' => 'C:\\Windows'
    'COMSPEC' => 'C:\\Windows\\system32\\cmd.exe'
    'PATHEXT' => '.COM;.EXE;.BAT;.CMD;.VBS;.VBE;.JS;.JSE;.WSF;.WSH;.MSC'
    'WINDIR' => 'C:\\Windows'
    'SERVER_SIGNATURE' => '<address>Apache/2.4.17 (Win32) OpenSSL/1.0.2d PHP/5.6.14 Server at 192.168.1.114 Port 80</address>
'
    'SERVER_SOFTWARE' => 'Apache/2.4.17 (Win32) OpenSSL/1.0.2d PHP/5.6.14'
    'SERVER_NAME' => '192.168.1.114'
    'SERVER_ADDR' => '192.168.1.114'
    'SERVER_PORT' => '80'
    'REMOTE_ADDR' => '192.168.1.114'
    'DOCUMENT_ROOT' => 'E:/xampp/htdocs'
    'REQUEST_SCHEME' => 'http'
    'CONTEXT_PREFIX' => ''
    'CONTEXT_DOCUMENT_ROOT' => 'E:/xampp/htdocs'
    'SERVER_ADMIN' => 'postmaster@localhost'
    'SCRIPT_FILENAME' => 'E:/xampp/htdocs/2021/drivers2u/index.php'
    'REMOTE_PORT' => '50464'
    'GATEWAY_INTERFACE' => 'CGI/1.1'
    'SERVER_PROTOCOL' => 'HTTP/1.1'
    'REQUEST_METHOD' => 'GET'
    'QUERY_STRING' => ''
    'REQUEST_URI' => '/2021/drivers2u/index.php/dashboard'
    'SCRIPT_NAME' => '/2021/drivers2u/index.php'
    'PATH_INFO' => '/dashboard'
    'PATH_TRANSLATED' => 'E:\\xampp\\htdocs\\dashboard'
    'PHP_SELF' => '/2021/drivers2u/index.php/dashboard'
    'REQUEST_TIME_FLOAT' => 1615282865.406
    'REQUEST_TIME' => 1615282865
]
2021-03-09 15:11:05 [192.168.1.114][-][79bjtr927ctc9ps9mme21vrl10][error][yii\web\HttpException:404] exception 'yii\base\InvalidRouteException' with message 'Unable to resolve the request "frontend/web/images/swim_logo1.png".' in E:\xampp\htdocs\2021\drivers2u\vendor\yiisoft\yii2\base\Module.php:537
Stack trace:
#0 E:\xampp\htdocs\2021\drivers2u\vendor\yiisoft\yii2\web\Application.php(103): yii\base\Module->runAction('frontend/web/im...', Array)
#1 E:\xampp\htdocs\2021\drivers2u\vendor\yiisoft\yii2\base\Application.php(386): yii\web\Application->handleRequest(Object(yii\web\Request))
#2 E:\xampp\htdocs\2021\drivers2u\index.php(48): yii\base\Application->run()
#3 {main}

Next exception 'yii\web\NotFoundHttpException' with message 'Page not found.' in E:\xampp\htdocs\2021\drivers2u\vendor\yiisoft\yii2\web\Application.php:115
Stack trace:
#0 E:\xampp\htdocs\2021\drivers2u\vendor\yiisoft\yii2\base\Application.php(386): yii\web\Application->handleRequest(Object(yii\web\Request))
#1 E:\xampp\htdocs\2021\drivers2u\index.php(48): yii\base\Application->run()
#2 {main}
2021-03-09 15:11:05 [192.168.1.114][-][79bjtr927ctc9ps9mme21vrl10][warning][yii\debug\Module::checkAccess] Access to debugger is denied due to IP address restriction. The requesting IP address is 192.168.1.114
    in E:\xampp\htdocs\2021\drivers2u\frontend\views\layouts\main.php:218
2021-03-09 15:11:05 [192.168.1.114][-][79bjtr927ctc9ps9mme21vrl10][warning][yii\debug\Module::checkAccess] Access to debugger is denied due to IP address restriction. The requesting IP address is 192.168.1.114
2021-03-09 15:11:05 [192.168.1.114][-][79bjtr927ctc9ps9mme21vrl10][info][application] $_GET = []

$_POST = []

$_FILES = []

$_COOKIE = [
    '_ga' => 'GA1.1.540934922.1614670549'
    'drivers2usession' => 'mrqeltqnprd83sch928fpr3m94'
    'Swim987963backend' => 'frmohrmr4iersiabd13137o5e0'
    '_csrf' => '1a38e5b3fff7e193cd3edcc62fa1d6b6c8d81b9a064548277559733539660c47a:2:{i:0;s:5:\"_csrf\";i:1;s:32:\"5gaT15uA05HKp1rPP48sgPqXEXt7Whvx\";}'
    'Swim987963frontend' => '79bjtr927ctc9ps9mme21vrl10'
    '_frontendCSRF' => 'e29b001bc988382538ae9e1b77f444e1ef169feaeb41d8f847e7701e827bb3e8a:2:{i:0;s:13:\"_frontendCSRF\";i:1;s:32:\"13vXQg4BfCejm0g3P0t2xP6RedXTFWy-\";}'
    '_gid' => 'GA1.1.983313488.1615282834'
    '_gat' => '1'
]

$_SESSION = [
    '__flash' => []
]

$_SERVER = [
    'REDIRECT_MIBDIRS' => 'E:/xampp/php/extras/mibs'
    'REDIRECT_MYSQL_HOME' => '\\xampp\\mysql\\bin'
    'REDIRECT_OPENSSL_CONF' => 'E:/xampp/apache/bin/openssl.cnf'
    'REDIRECT_PHP_PEAR_SYSCONF_DIR' => '\\xampp\\php'
    'REDIRECT_PHPRC' => '\\xampp\\php'
    'REDIRECT_TMP' => '\\xampp\\tmp'
    'REDIRECT_STATUS' => '200'
    'MIBDIRS' => 'E:/xampp/php/extras/mibs'
    'MYSQL_HOME' => '\\xampp\\mysql\\bin'
    'OPENSSL_CONF' => 'E:/xampp/apache/bin/openssl.cnf'
    'PHP_PEAR_SYSCONF_DIR' => '\\xampp\\php'
    'PHPRC' => '\\xampp\\php'
    'TMP' => '\\xampp\\tmp'
    'HTTP_HOST' => '192.168.1.114'
    'HTTP_CONNECTION' => 'keep-alive'
    'HTTP_USER_AGENT' => 'Mozilla/5.0 (Windows NT 6.1; Win64; x64) AppleWebKit/537.36 (KHTML, like Gecko) Chrome/88.0.4324.190 Safari/537.36'
    'HTTP_ACCEPT' => 'image/avif,image/webp,image/apng,image/svg+xml,image/*,*/*;q=0.8'
    'HTTP_REFERER' => 'http://192.168.1.114/2021/drivers2u/index.php/dashboard'
    'HTTP_ACCEPT_ENCODING' => 'gzip, deflate'
    'HTTP_ACCEPT_LANGUAGE' => 'en-US,en;q=0.9'
    'HTTP_COOKIE' => '_ga=GA1.1.540934922.1614670549; drivers2usession=mrqeltqnprd83sch928fpr3m94; Swim987963backend=frmohrmr4iersiabd13137o5e0; _csrf=1a38e5b3fff7e193cd3edcc62fa1d6b6c8d81b9a064548277559733539660c47a%3A2%3A%7Bi%3A0%3Bs%3A5%3A%22_csrf%22%3Bi%3A1%3Bs%3A32%3A%225gaT15uA05HKp1rPP48sgPqXEXt7Whvx%22%3B%7D; Swim987963frontend=79bjtr927ctc9ps9mme21vrl10; _frontendCSRF=e29b001bc988382538ae9e1b77f444e1ef169feaeb41d8f847e7701e827bb3e8a%3A2%3A%7Bi%3A0%3Bs%3A13%3A%22_frontendCSRF%22%3Bi%3A1%3Bs%3A32%3A%2213vXQg4BfCejm0g3P0t2xP6RedXTFWy-%22%3B%7D; _gid=GA1.1.983313488.1615282834; _gat=1'
    'PATH' => 'C:\\Program Files (x86)\\Common Files\\Oracle\\Java\\javapath;C:\\Windows\\system32;C:\\Windows;C:\\Windows\\System32\\Wbem;C:\\Windows\\System32\\WindowsPowerShell\\v1.0\\;C:\\Program Files\\Microsoft SQL Server\\120\\Tools\\Binn\\;C:\\Program Files\\Microsoft SQL Server\\Client SDK\\ODBC\\110\\Tools\\Binn\\;C:\\Program Files (x86)\\Microsoft SQL Server\\120\\Tools\\Binn\\;C:\\Program Files\\Microsoft SQL Server\\120\\DTS\\Binn\\;C:\\Program Files (x86)\\Microsoft SQL Server\\120\\Tools\\Binn\\ManagementStudio\\;C:\\Program Files (x86)\\Microsoft SQL Server\\120\\DTS\\Binn\\;C:\\Program Files\\nodejs\\;C:\\Program Files\\PuTTY\\;E:\\xampp\\php;C:\\composer;C:\\Program Files\\Git\\cmd;C:\\Users\\Admin\\AppData\\Roaming\\npm;C:\\Users\\Admin\\AppData\\Roaming\\Composer\\vendor\\bin;C:\\Users\\Admin\\AppData\\Local\\Programs\\Microsoft VS Code\\bin'
    'SystemRoot' => 'C:\\Windows'
    'COMSPEC' => 'C:\\Windows\\system32\\cmd.exe'
    'PATHEXT' => '.COM;.EXE;.BAT;.CMD;.VBS;.VBE;.JS;.JSE;.WSF;.WSH;.MSC'
    'WINDIR' => 'C:\\Windows'
    'SERVER_SIGNATURE' => '<address>Apache/2.4.17 (Win32) OpenSSL/1.0.2d PHP/5.6.14 Server at 192.168.1.114 Port 80</address>
'
    'SERVER_SOFTWARE' => 'Apache/2.4.17 (Win32) OpenSSL/1.0.2d PHP/5.6.14'
    'SERVER_NAME' => '192.168.1.114'
    'SERVER_ADDR' => '192.168.1.114'
    'SERVER_PORT' => '80'
    'REMOTE_ADDR' => '192.168.1.114'
    'DOCUMENT_ROOT' => 'E:/xampp/htdocs'
    'REQUEST_SCHEME' => 'http'
    'CONTEXT_PREFIX' => ''
    'CONTEXT_DOCUMENT_ROOT' => 'E:/xampp/htdocs'
    'SERVER_ADMIN' => 'postmaster@localhost'
    'SCRIPT_FILENAME' => 'E:/xampp/htdocs/2021/drivers2u/index.php'
    'REMOTE_PORT' => '50464'
    'REDIRECT_URL' => 'http://192.168.1.114/2021/drivers2u/frontend/web/images/swim_logo1.png'
    'GATEWAY_INTERFACE' => 'CGI/1.1'
    'SERVER_PROTOCOL' => 'HTTP/1.1'
    'REQUEST_METHOD' => 'GET'
    'QUERY_STRING' => ''
    'REQUEST_URI' => '/2021/drivers2u/frontend/web/images/swim_logo1.png'
    'SCRIPT_NAME' => '/2021/drivers2u/index.php'
    'PHP_SELF' => '/2021/drivers2u/index.php'
    'REQUEST_TIME_FLOAT' => 1615282865.506
    'REQUEST_TIME' => 1615282865
]
2021-03-09 15:11:05 [192.168.1.114][-][79bjtr927ctc9ps9mme21vrl10][error][yii\web\HttpException:404] exception 'yii\base\InvalidRouteException' with message 'Unable to resolve the request "frontend/web/plugins/bootstrap/css/bootstrap.css.map".' in E:\xampp\htdocs\2021\drivers2u\vendor\yiisoft\yii2\base\Module.php:537
Stack trace:
#0 E:\xampp\htdocs\2021\drivers2u\vendor\yiisoft\yii2\web\Application.php(103): yii\base\Module->runAction('frontend/web/pl...', Array)
#1 E:\xampp\htdocs\2021\drivers2u\vendor\yiisoft\yii2\base\Application.php(386): yii\web\Application->handleRequest(Object(yii\web\Request))
#2 E:\xampp\htdocs\2021\drivers2u\index.php(48): yii\base\Application->run()
#3 {main}

Next exception 'yii\web\NotFoundHttpException' with message 'Page not found.' in E:\xampp\htdocs\2021\drivers2u\vendor\yiisoft\yii2\web\Application.php:115
Stack trace:
#0 E:\xampp\htdocs\2021\drivers2u\vendor\yiisoft\yii2\base\Application.php(386): yii\web\Application->handleRequest(Object(yii\web\Request))
#1 E:\xampp\htdocs\2021\drivers2u\index.php(48): yii\base\Application->run()
#2 {main}
2021-03-09 15:11:05 [192.168.1.114][-][79bjtr927ctc9ps9mme21vrl10][warning][yii\debug\Module::checkAccess] Access to debugger is denied due to IP address restriction. The requesting IP address is 192.168.1.114
    in E:\xampp\htdocs\2021\drivers2u\frontend\views\layouts\main.php:218
2021-03-09 15:11:05 [192.168.1.114][-][79bjtr927ctc9ps9mme21vrl10][warning][yii\debug\Module::checkAccess] Access to debugger is denied due to IP address restriction. The requesting IP address is 192.168.1.114
2021-03-09 15:11:05 [192.168.1.114][-][79bjtr927ctc9ps9mme21vrl10][info][application] $_GET = []

$_POST = []

$_FILES = []

$_COOKIE = [
    '_ga' => 'GA1.1.540934922.1614670549'
    'drivers2usession' => 'mrqeltqnprd83sch928fpr3m94'
    'Swim987963backend' => 'frmohrmr4iersiabd13137o5e0'
    '_csrf' => '1a38e5b3fff7e193cd3edcc62fa1d6b6c8d81b9a064548277559733539660c47a:2:{i:0;s:5:\"_csrf\";i:1;s:32:\"5gaT15uA05HKp1rPP48sgPqXEXt7Whvx\";}'
    'Swim987963frontend' => '79bjtr927ctc9ps9mme21vrl10'
    '_frontendCSRF' => 'e29b001bc988382538ae9e1b77f444e1ef169feaeb41d8f847e7701e827bb3e8a:2:{i:0;s:13:\"_frontendCSRF\";i:1;s:32:\"13vXQg4BfCejm0g3P0t2xP6RedXTFWy-\";}'
    '_gid' => 'GA1.1.983313488.1615282834'
    '_gat' => '1'
]

$_SESSION = [
    '__flash' => []
]

$_SERVER = [
    'REDIRECT_MIBDIRS' => 'E:/xampp/php/extras/mibs'
    'REDIRECT_MYSQL_HOME' => '\\xampp\\mysql\\bin'
    'REDIRECT_OPENSSL_CONF' => 'E:/xampp/apache/bin/openssl.cnf'
    'REDIRECT_PHP_PEAR_SYSCONF_DIR' => '\\xampp\\php'
    'REDIRECT_PHPRC' => '\\xampp\\php'
    'REDIRECT_TMP' => '\\xampp\\tmp'
    'REDIRECT_STATUS' => '200'
    'MIBDIRS' => 'E:/xampp/php/extras/mibs'
    'MYSQL_HOME' => '\\xampp\\mysql\\bin'
    'OPENSSL_CONF' => 'E:/xampp/apache/bin/openssl.cnf'
    'PHP_PEAR_SYSCONF_DIR' => '\\xampp\\php'
    'PHPRC' => '\\xampp\\php'
    'TMP' => '\\xampp\\tmp'
    'HTTP_HOST' => '192.168.1.114'
    'HTTP_CONNECTION' => 'keep-alive'
    'HTTP_PRAGMA' => 'no-cache'
    'HTTP_CACHE_CONTROL' => 'no-cache'
    'HTTP_USER_AGENT' => 'Mozilla/5.0 (Windows NT 6.1; Win64; x64) AppleWebKit/537.36 (KHTML, like Gecko) Chrome/88.0.4324.190 Safari/537.36'
    'HTTP_ACCEPT_ENCODING' => 'gzip, deflate'
    'HTTP_ACCEPT_LANGUAGE' => 'en-US,en;q=0.9'
    'HTTP_COOKIE' => '_ga=GA1.1.540934922.1614670549; drivers2usession=mrqeltqnprd83sch928fpr3m94; Swim987963backend=frmohrmr4iersiabd13137o5e0; _csrf=1a38e5b3fff7e193cd3edcc62fa1d6b6c8d81b9a064548277559733539660c47a%3A2%3A%7Bi%3A0%3Bs%3A5%3A%22_csrf%22%3Bi%3A1%3Bs%3A32%3A%225gaT15uA05HKp1rPP48sgPqXEXt7Whvx%22%3B%7D; Swim987963frontend=79bjtr927ctc9ps9mme21vrl10; _frontendCSRF=e29b001bc988382538ae9e1b77f444e1ef169feaeb41d8f847e7701e827bb3e8a%3A2%3A%7Bi%3A0%3Bs%3A13%3A%22_frontendCSRF%22%3Bi%3A1%3Bs%3A32%3A%2213vXQg4BfCejm0g3P0t2xP6RedXTFWy-%22%3B%7D; _gid=GA1.1.983313488.1615282834; _gat=1'
    'PATH' => 'C:\\Program Files (x86)\\Common Files\\Oracle\\Java\\javapath;C:\\Windows\\system32;C:\\Windows;C:\\Windows\\System32\\Wbem;C:\\Windows\\System32\\WindowsPowerShell\\v1.0\\;C:\\Program Files\\Microsoft SQL Server\\120\\Tools\\Binn\\;C:\\Program Files\\Microsoft SQL Server\\Client SDK\\ODBC\\110\\Tools\\Binn\\;C:\\Program Files (x86)\\Microsoft SQL Server\\120\\Tools\\Binn\\;C:\\Program Files\\Microsoft SQL Server\\120\\DTS\\Binn\\;C:\\Program Files (x86)\\Microsoft SQL Server\\120\\Tools\\Binn\\ManagementStudio\\;C:\\Program Files (x86)\\Microsoft SQL Server\\120\\DTS\\Binn\\;C:\\Program Files\\nodejs\\;C:\\Program Files\\PuTTY\\;E:\\xampp\\php;C:\\composer;C:\\Program Files\\Git\\cmd;C:\\Users\\Admin\\AppData\\Roaming\\npm;C:\\Users\\Admin\\AppData\\Roaming\\Composer\\vendor\\bin;C:\\Users\\Admin\\AppData\\Local\\Programs\\Microsoft VS Code\\bin'
    'SystemRoot' => 'C:\\Windows'
    'COMSPEC' => 'C:\\Windows\\system32\\cmd.exe'
    'PATHEXT' => '.COM;.EXE;.BAT;.CMD;.VBS;.VBE;.JS;.JSE;.WSF;.WSH;.MSC'
    'WINDIR' => 'C:\\Windows'
    'SERVER_SIGNATURE' => '<address>Apache/2.4.17 (Win32) OpenSSL/1.0.2d PHP/5.6.14 Server at 192.168.1.114 Port 80</address>
'
    'SERVER_SOFTWARE' => 'Apache/2.4.17 (Win32) OpenSSL/1.0.2d PHP/5.6.14'
    'SERVER_NAME' => '192.168.1.114'
    'SERVER_ADDR' => '192.168.1.114'
    'SERVER_PORT' => '80'
    'REMOTE_ADDR' => '192.168.1.114'
    'DOCUMENT_ROOT' => 'E:/xampp/htdocs'
    'REQUEST_SCHEME' => 'http'
    'CONTEXT_PREFIX' => ''
    'CONTEXT_DOCUMENT_ROOT' => 'E:/xampp/htdocs'
    'SERVER_ADMIN' => 'postmaster@localhost'
    'SCRIPT_FILENAME' => 'E:/xampp/htdocs/2021/drivers2u/index.php'
    'REMOTE_PORT' => '50464'
    'REDIRECT_URL' => 'http://192.168.1.114/2021/drivers2u/frontend/web/plugins/bootstrap/css/bootstrap.css.map'
    'GATEWAY_INTERFACE' => 'CGI/1.1'
    'SERVER_PROTOCOL' => 'HTTP/1.1'
    'REQUEST_METHOD' => 'GET'
    'QUERY_STRING' => ''
    'REQUEST_URI' => '/2021/drivers2u/frontend/web/plugins/bootstrap/css/bootstrap.css.map'
    'SCRIPT_NAME' => '/2021/drivers2u/index.php'
    'PHP_SELF' => '/2021/drivers2u/index.php'
    'REQUEST_TIME_FLOAT' => 1615282865.709
    'REQUEST_TIME' => 1615282865
]
2021-03-09 15:11:12 [192.168.1.114][-][79bjtr927ctc9ps9mme21vrl10][error][yii\web\HttpException:404] exception 'yii\base\InvalidRouteException' with message 'Unable to resolve the request "home".' in E:\xampp\htdocs\2021\drivers2u\vendor\yiisoft\yii2\base\Module.php:537
Stack trace:
#0 E:\xampp\htdocs\2021\drivers2u\vendor\yiisoft\yii2\web\Application.php(103): yii\base\Module->runAction('home', Array)
#1 E:\xampp\htdocs\2021\drivers2u\vendor\yiisoft\yii2\base\Application.php(386): yii\web\Application->handleRequest(Object(yii\web\Request))
#2 E:\xampp\htdocs\2021\drivers2u\index.php(48): yii\base\Application->run()
#3 {main}

Next exception 'yii\web\NotFoundHttpException' with message 'Page not found.' in E:\xampp\htdocs\2021\drivers2u\vendor\yiisoft\yii2\web\Application.php:115
Stack trace:
#0 E:\xampp\htdocs\2021\drivers2u\vendor\yiisoft\yii2\base\Application.php(386): yii\web\Application->handleRequest(Object(yii\web\Request))
#1 E:\xampp\htdocs\2021\drivers2u\index.php(48): yii\base\Application->run()
#2 {main}
2021-03-09 15:11:13 [192.168.1.114][-][79bjtr927ctc9ps9mme21vrl10][warning][yii\debug\Module::checkAccess] Access to debugger is denied due to IP address restriction. The requesting IP address is 192.168.1.114
    in E:\xampp\htdocs\2021\drivers2u\frontend\views\layouts\main.php:218
2021-03-09 15:11:13 [192.168.1.114][-][79bjtr927ctc9ps9mme21vrl10][warning][yii\debug\Module::checkAccess] Access to debugger is denied due to IP address restriction. The requesting IP address is 192.168.1.114
2021-03-09 15:11:12 [192.168.1.114][-][79bjtr927ctc9ps9mme21vrl10][info][application] $_GET = []

$_POST = []

$_FILES = []

$_COOKIE = [
    '_ga' => 'GA1.1.540934922.1614670549'
    'drivers2usession' => 'mrqeltqnprd83sch928fpr3m94'
    'Swim987963backend' => 'frmohrmr4iersiabd13137o5e0'
    '_csrf' => '1a38e5b3fff7e193cd3edcc62fa1d6b6c8d81b9a064548277559733539660c47a:2:{i:0;s:5:\"_csrf\";i:1;s:32:\"5gaT15uA05HKp1rPP48sgPqXEXt7Whvx\";}'
    'Swim987963frontend' => '79bjtr927ctc9ps9mme21vrl10'
    '_frontendCSRF' => 'e29b001bc988382538ae9e1b77f444e1ef169feaeb41d8f847e7701e827bb3e8a:2:{i:0;s:13:\"_frontendCSRF\";i:1;s:32:\"13vXQg4BfCejm0g3P0t2xP6RedXTFWy-\";}'
    '_gid' => 'GA1.1.983313488.1615282834'
    '_gat' => '1'
]

$_SESSION = [
    '__flash' => []
]

$_SERVER = [
    'REDIRECT_MIBDIRS' => 'E:/xampp/php/extras/mibs'
    'REDIRECT_MYSQL_HOME' => '\\xampp\\mysql\\bin'
    'REDIRECT_OPENSSL_CONF' => 'E:/xampp/apache/bin/openssl.cnf'
    'REDIRECT_PHP_PEAR_SYSCONF_DIR' => '\\xampp\\php'
    'REDIRECT_PHPRC' => '\\xampp\\php'
    'REDIRECT_TMP' => '\\xampp\\tmp'
    'REDIRECT_STATUS' => '200'
    'MIBDIRS' => 'E:/xampp/php/extras/mibs'
    'MYSQL_HOME' => '\\xampp\\mysql\\bin'
    'OPENSSL_CONF' => 'E:/xampp/apache/bin/openssl.cnf'
    'PHP_PEAR_SYSCONF_DIR' => '\\xampp\\php'
    'PHPRC' => '\\xampp\\php'
    'TMP' => '\\xampp\\tmp'
    'HTTP_HOST' => '192.168.1.114'
    'HTTP_CONNECTION' => 'keep-alive'
    'HTTP_UPGRADE_INSECURE_REQUESTS' => '1'
    'HTTP_USER_AGENT' => 'Mozilla/5.0 (Windows NT 6.1; Win64; x64) AppleWebKit/537.36 (KHTML, like Gecko) Chrome/88.0.4324.190 Safari/537.36'
    'HTTP_ACCEPT' => 'text/html,application/xhtml+xml,application/xml;q=0.9,image/avif,image/webp,image/apng,*/*;q=0.8,application/signed-exchange;v=b3;q=0.9'
    'HTTP_ACCEPT_ENCODING' => 'gzip, deflate'
    'HTTP_ACCEPT_LANGUAGE' => 'en-US,en;q=0.9'
    'HTTP_COOKIE' => '_ga=GA1.1.540934922.1614670549; drivers2usession=mrqeltqnprd83sch928fpr3m94; Swim987963backend=frmohrmr4iersiabd13137o5e0; _csrf=1a38e5b3fff7e193cd3edcc62fa1d6b6c8d81b9a064548277559733539660c47a%3A2%3A%7Bi%3A0%3Bs%3A5%3A%22_csrf%22%3Bi%3A1%3Bs%3A32%3A%225gaT15uA05HKp1rPP48sgPqXEXt7Whvx%22%3B%7D; Swim987963frontend=79bjtr927ctc9ps9mme21vrl10; _frontendCSRF=e29b001bc988382538ae9e1b77f444e1ef169feaeb41d8f847e7701e827bb3e8a%3A2%3A%7Bi%3A0%3Bs%3A13%3A%22_frontendCSRF%22%3Bi%3A1%3Bs%3A32%3A%2213vXQg4BfCejm0g3P0t2xP6RedXTFWy-%22%3B%7D; _gid=GA1.1.983313488.1615282834; _gat=1'
    'PATH' => 'C:\\Program Files (x86)\\Common Files\\Oracle\\Java\\javapath;C:\\Windows\\system32;C:\\Windows;C:\\Windows\\System32\\Wbem;C:\\Windows\\System32\\WindowsPowerShell\\v1.0\\;C:\\Program Files\\Microsoft SQL Server\\120\\Tools\\Binn\\;C:\\Program Files\\Microsoft SQL Server\\Client SDK\\ODBC\\110\\Tools\\Binn\\;C:\\Program Files (x86)\\Microsoft SQL Server\\120\\Tools\\Binn\\;C:\\Program Files\\Microsoft SQL Server\\120\\DTS\\Binn\\;C:\\Program Files (x86)\\Microsoft SQL Server\\120\\Tools\\Binn\\ManagementStudio\\;C:\\Program Files (x86)\\Microsoft SQL Server\\120\\DTS\\Binn\\;C:\\Program Files\\nodejs\\;C:\\Program Files\\PuTTY\\;E:\\xampp\\php;C:\\composer;C:\\Program Files\\Git\\cmd;C:\\Users\\Admin\\AppData\\Roaming\\npm;C:\\Users\\Admin\\AppData\\Roaming\\Composer\\vendor\\bin;C:\\Users\\Admin\\AppData\\Local\\Programs\\Microsoft VS Code\\bin'
    'SystemRoot' => 'C:\\Windows'
    'COMSPEC' => 'C:\\Windows\\system32\\cmd.exe'
    'PATHEXT' => '.COM;.EXE;.BAT;.CMD;.VBS;.VBE;.JS;.JSE;.WSF;.WSH;.MSC'
    'WINDIR' => 'C:\\Windows'
    'SERVER_SIGNATURE' => '<address>Apache/2.4.17 (Win32) OpenSSL/1.0.2d PHP/5.6.14 Server at 192.168.1.114 Port 80</address>
'
    'SERVER_SOFTWARE' => 'Apache/2.4.17 (Win32) OpenSSL/1.0.2d PHP/5.6.14'
    'SERVER_NAME' => '192.168.1.114'
    'SERVER_ADDR' => '192.168.1.114'
    'SERVER_PORT' => '80'
    'REMOTE_ADDR' => '192.168.1.114'
    'DOCUMENT_ROOT' => 'E:/xampp/htdocs'
    'REQUEST_SCHEME' => 'http'
    'CONTEXT_PREFIX' => ''
    'CONTEXT_DOCUMENT_ROOT' => 'E:/xampp/htdocs'
    'SERVER_ADMIN' => 'postmaster@localhost'
    'SCRIPT_FILENAME' => 'E:/xampp/htdocs/2021/drivers2u/index.php'
    'REMOTE_PORT' => '50474'
    'REDIRECT_URL' => 'http://192.168.1.114/2021/drivers2u/home'
    'GATEWAY_INTERFACE' => 'CGI/1.1'
    'SERVER_PROTOCOL' => 'HTTP/1.1'
    'REQUEST_METHOD' => 'GET'
    'QUERY_STRING' => ''
    'REQUEST_URI' => '/2021/drivers2u/home'
    'SCRIPT_NAME' => '/2021/drivers2u/index.php'
    'PHP_SELF' => '/2021/drivers2u/index.php'
    'REQUEST_TIME_FLOAT' => 1615282872.933
    'REQUEST_TIME' => 1615282872
]
2021-03-09 15:11:13 [192.168.1.114][-][79bjtr927ctc9ps9mme21vrl10][error][yii\web\HttpException:404] exception 'yii\base\InvalidRouteException' with message 'Unable to resolve the request "frontend/web/images/swim_logo1.png".' in E:\xampp\htdocs\2021\drivers2u\vendor\yiisoft\yii2\base\Module.php:537
Stack trace:
#0 E:\xampp\htdocs\2021\drivers2u\vendor\yiisoft\yii2\web\Application.php(103): yii\base\Module->runAction('frontend/web/im...', Array)
#1 E:\xampp\htdocs\2021\drivers2u\vendor\yiisoft\yii2\base\Application.php(386): yii\web\Application->handleRequest(Object(yii\web\Request))
#2 E:\xampp\htdocs\2021\drivers2u\index.php(48): yii\base\Application->run()
#3 {main}

Next exception 'yii\web\NotFoundHttpException' with message 'Page not found.' in E:\xampp\htdocs\2021\drivers2u\vendor\yiisoft\yii2\web\Application.php:115
Stack trace:
#0 E:\xampp\htdocs\2021\drivers2u\vendor\yiisoft\yii2\base\Application.php(386): yii\web\Application->handleRequest(Object(yii\web\Request))
#1 E:\xampp\htdocs\2021\drivers2u\index.php(48): yii\base\Application->run()
#2 {main}
2021-03-09 15:11:13 [192.168.1.114][-][79bjtr927ctc9ps9mme21vrl10][warning][yii\debug\Module::checkAccess] Access to debugger is denied due to IP address restriction. The requesting IP address is 192.168.1.114
    in E:\xampp\htdocs\2021\drivers2u\frontend\views\layouts\main.php:218
2021-03-09 15:11:13 [192.168.1.114][-][79bjtr927ctc9ps9mme21vrl10][warning][yii\debug\Module::checkAccess] Access to debugger is denied due to IP address restriction. The requesting IP address is 192.168.1.114
2021-03-09 15:11:13 [192.168.1.114][-][79bjtr927ctc9ps9mme21vrl10][info][application] $_GET = []

$_POST = []

$_FILES = []

$_COOKIE = [
    '_ga' => 'GA1.1.540934922.1614670549'
    'drivers2usession' => 'mrqeltqnprd83sch928fpr3m94'
    'Swim987963backend' => 'frmohrmr4iersiabd13137o5e0'
    '_csrf' => '1a38e5b3fff7e193cd3edcc62fa1d6b6c8d81b9a064548277559733539660c47a:2:{i:0;s:5:\"_csrf\";i:1;s:32:\"5gaT15uA05HKp1rPP48sgPqXEXt7Whvx\";}'
    'Swim987963frontend' => '79bjtr927ctc9ps9mme21vrl10'
    '_frontendCSRF' => 'e29b001bc988382538ae9e1b77f444e1ef169feaeb41d8f847e7701e827bb3e8a:2:{i:0;s:13:\"_frontendCSRF\";i:1;s:32:\"13vXQg4BfCejm0g3P0t2xP6RedXTFWy-\";}'
    '_gid' => 'GA1.1.983313488.1615282834'
    '_gat' => '1'
]

$_SESSION = [
    '__flash' => []
]

$_SERVER = [
    'REDIRECT_MIBDIRS' => 'E:/xampp/php/extras/mibs'
    'REDIRECT_MYSQL_HOME' => '\\xampp\\mysql\\bin'
    'REDIRECT_OPENSSL_CONF' => 'E:/xampp/apache/bin/openssl.cnf'
    'REDIRECT_PHP_PEAR_SYSCONF_DIR' => '\\xampp\\php'
    'REDIRECT_PHPRC' => '\\xampp\\php'
    'REDIRECT_TMP' => '\\xampp\\tmp'
    'REDIRECT_STATUS' => '200'
    'MIBDIRS' => 'E:/xampp/php/extras/mibs'
    'MYSQL_HOME' => '\\xampp\\mysql\\bin'
    'OPENSSL_CONF' => 'E:/xampp/apache/bin/openssl.cnf'
    'PHP_PEAR_SYSCONF_DIR' => '\\xampp\\php'
    'PHPRC' => '\\xampp\\php'
    'TMP' => '\\xampp\\tmp'
    'HTTP_HOST' => '192.168.1.114'
    'HTTP_CONNECTION' => 'keep-alive'
    'HTTP_USER_AGENT' => 'Mozilla/5.0 (Windows NT 6.1; Win64; x64) AppleWebKit/537.36 (KHTML, like Gecko) Chrome/88.0.4324.190 Safari/537.36'
    'HTTP_ACCEPT' => 'image/avif,image/webp,image/apng,image/svg+xml,image/*,*/*;q=0.8'
    'HTTP_REFERER' => 'http://192.168.1.114/2021/drivers2u/home'
    'HTTP_ACCEPT_ENCODING' => 'gzip, deflate'
    'HTTP_ACCEPT_LANGUAGE' => 'en-US,en;q=0.9'
    'HTTP_COOKIE' => '_ga=GA1.1.540934922.1614670549; drivers2usession=mrqeltqnprd83sch928fpr3m94; Swim987963backend=frmohrmr4iersiabd13137o5e0; _csrf=1a38e5b3fff7e193cd3edcc62fa1d6b6c8d81b9a064548277559733539660c47a%3A2%3A%7Bi%3A0%3Bs%3A5%3A%22_csrf%22%3Bi%3A1%3Bs%3A32%3A%225gaT15uA05HKp1rPP48sgPqXEXt7Whvx%22%3B%7D; Swim987963frontend=79bjtr927ctc9ps9mme21vrl10; _frontendCSRF=e29b001bc988382538ae9e1b77f444e1ef169feaeb41d8f847e7701e827bb3e8a%3A2%3A%7Bi%3A0%3Bs%3A13%3A%22_frontendCSRF%22%3Bi%3A1%3Bs%3A32%3A%2213vXQg4BfCejm0g3P0t2xP6RedXTFWy-%22%3B%7D; _gid=GA1.1.983313488.1615282834; _gat=1'
    'PATH' => 'C:\\Program Files (x86)\\Common Files\\Oracle\\Java\\javapath;C:\\Windows\\system32;C:\\Windows;C:\\Windows\\System32\\Wbem;C:\\Windows\\System32\\WindowsPowerShell\\v1.0\\;C:\\Program Files\\Microsoft SQL Server\\120\\Tools\\Binn\\;C:\\Program Files\\Microsoft SQL Server\\Client SDK\\ODBC\\110\\Tools\\Binn\\;C:\\Program Files (x86)\\Microsoft SQL Server\\120\\Tools\\Binn\\;C:\\Program Files\\Microsoft SQL Server\\120\\DTS\\Binn\\;C:\\Program Files (x86)\\Microsoft SQL Server\\120\\Tools\\Binn\\ManagementStudio\\;C:\\Program Files (x86)\\Microsoft SQL Server\\120\\DTS\\Binn\\;C:\\Program Files\\nodejs\\;C:\\Program Files\\PuTTY\\;E:\\xampp\\php;C:\\composer;C:\\Program Files\\Git\\cmd;C:\\Users\\Admin\\AppData\\Roaming\\npm;C:\\Users\\Admin\\AppData\\Roaming\\Composer\\vendor\\bin;C:\\Users\\Admin\\AppData\\Local\\Programs\\Microsoft VS Code\\bin'
    'SystemRoot' => 'C:\\Windows'
    'COMSPEC' => 'C:\\Windows\\system32\\cmd.exe'
    'PATHEXT' => '.COM;.EXE;.BAT;.CMD;.VBS;.VBE;.JS;.JSE;.WSF;.WSH;.MSC'
    'WINDIR' => 'C:\\Windows'
    'SERVER_SIGNATURE' => '<address>Apache/2.4.17 (Win32) OpenSSL/1.0.2d PHP/5.6.14 Server at 192.168.1.114 Port 80</address>
'
    'SERVER_SOFTWARE' => 'Apache/2.4.17 (Win32) OpenSSL/1.0.2d PHP/5.6.14'
    'SERVER_NAME' => '192.168.1.114'
    'SERVER_ADDR' => '192.168.1.114'
    'SERVER_PORT' => '80'
    'REMOTE_ADDR' => '192.168.1.114'
    'DOCUMENT_ROOT' => 'E:/xampp/htdocs'
    'REQUEST_SCHEME' => 'http'
    'CONTEXT_PREFIX' => ''
    'CONTEXT_DOCUMENT_ROOT' => 'E:/xampp/htdocs'
    'SERVER_ADMIN' => 'postmaster@localhost'
    'SCRIPT_FILENAME' => 'E:/xampp/htdocs/2021/drivers2u/index.php'
    'REMOTE_PORT' => '50474'
    'REDIRECT_URL' => 'http://192.168.1.114/2021/drivers2u/frontend/web/images/swim_logo1.png'
    'GATEWAY_INTERFACE' => 'CGI/1.1'
    'SERVER_PROTOCOL' => 'HTTP/1.1'
    'REQUEST_METHOD' => 'GET'
    'QUERY_STRING' => ''
    'REQUEST_URI' => '/2021/drivers2u/frontend/web/images/swim_logo1.png'
    'SCRIPT_NAME' => '/2021/drivers2u/index.php'
    'PHP_SELF' => '/2021/drivers2u/index.php'
    'REQUEST_TIME_FLOAT' => 1615282873.116
    'REQUEST_TIME' => 1615282873
]
2021-03-09 15:11:13 [192.168.1.114][-][79bjtr927ctc9ps9mme21vrl10][error][yii\web\HttpException:404] exception 'yii\base\InvalidRouteException' with message 'Unable to resolve the request "frontend/web/plugins/bootstrap/css/bootstrap.css.map".' in E:\xampp\htdocs\2021\drivers2u\vendor\yiisoft\yii2\base\Module.php:537
Stack trace:
#0 E:\xampp\htdocs\2021\drivers2u\vendor\yiisoft\yii2\web\Application.php(103): yii\base\Module->runAction('frontend/web/pl...', Array)
#1 E:\xampp\htdocs\2021\drivers2u\vendor\yiisoft\yii2\base\Application.php(386): yii\web\Application->handleRequest(Object(yii\web\Request))
#2 E:\xampp\htdocs\2021\drivers2u\index.php(48): yii\base\Application->run()
#3 {main}

Next exception 'yii\web\NotFoundHttpException' with message 'Page not found.' in E:\xampp\htdocs\2021\drivers2u\vendor\yiisoft\yii2\web\Application.php:115
Stack trace:
#0 E:\xampp\htdocs\2021\drivers2u\vendor\yiisoft\yii2\base\Application.php(386): yii\web\Application->handleRequest(Object(yii\web\Request))
#1 E:\xampp\htdocs\2021\drivers2u\index.php(48): yii\base\Application->run()
#2 {main}
2021-03-09 15:11:13 [192.168.1.114][-][79bjtr927ctc9ps9mme21vrl10][warning][yii\debug\Module::checkAccess] Access to debugger is denied due to IP address restriction. The requesting IP address is 192.168.1.114
    in E:\xampp\htdocs\2021\drivers2u\frontend\views\layouts\main.php:218
2021-03-09 15:11:13 [192.168.1.114][-][79bjtr927ctc9ps9mme21vrl10][warning][yii\debug\Module::checkAccess] Access to debugger is denied due to IP address restriction. The requesting IP address is 192.168.1.114
2021-03-09 15:11:13 [192.168.1.114][-][79bjtr927ctc9ps9mme21vrl10][info][application] $_GET = []

$_POST = []

$_FILES = []

$_COOKIE = [
    '_ga' => 'GA1.1.540934922.1614670549'
    'drivers2usession' => 'mrqeltqnprd83sch928fpr3m94'
    'Swim987963backend' => 'frmohrmr4iersiabd13137o5e0'
    '_csrf' => '1a38e5b3fff7e193cd3edcc62fa1d6b6c8d81b9a064548277559733539660c47a:2:{i:0;s:5:\"_csrf\";i:1;s:32:\"5gaT15uA05HKp1rPP48sgPqXEXt7Whvx\";}'
    'Swim987963frontend' => '79bjtr927ctc9ps9mme21vrl10'
    '_frontendCSRF' => 'e29b001bc988382538ae9e1b77f444e1ef169feaeb41d8f847e7701e827bb3e8a:2:{i:0;s:13:\"_frontendCSRF\";i:1;s:32:\"13vXQg4BfCejm0g3P0t2xP6RedXTFWy-\";}'
    '_gid' => 'GA1.1.983313488.1615282834'
    '_gat' => '1'
]

$_SESSION = [
    '__flash' => []
]

$_SERVER = [
    'REDIRECT_MIBDIRS' => 'E:/xampp/php/extras/mibs'
    'REDIRECT_MYSQL_HOME' => '\\xampp\\mysql\\bin'
    'REDIRECT_OPENSSL_CONF' => 'E:/xampp/apache/bin/openssl.cnf'
    'REDIRECT_PHP_PEAR_SYSCONF_DIR' => '\\xampp\\php'
    'REDIRECT_PHPRC' => '\\xampp\\php'
    'REDIRECT_TMP' => '\\xampp\\tmp'
    'REDIRECT_STATUS' => '200'
    'MIBDIRS' => 'E:/xampp/php/extras/mibs'
    'MYSQL_HOME' => '\\xampp\\mysql\\bin'
    'OPENSSL_CONF' => 'E:/xampp/apache/bin/openssl.cnf'
    'PHP_PEAR_SYSCONF_DIR' => '\\xampp\\php'
    'PHPRC' => '\\xampp\\php'
    'TMP' => '\\xampp\\tmp'
    'HTTP_HOST' => '192.168.1.114'
    'HTTP_CONNECTION' => 'keep-alive'
    'HTTP_PRAGMA' => 'no-cache'
    'HTTP_CACHE_CONTROL' => 'no-cache'
    'HTTP_USER_AGENT' => 'Mozilla/5.0 (Windows NT 6.1; Win64; x64) AppleWebKit/537.36 (KHTML, like Gecko) Chrome/88.0.4324.190 Safari/537.36'
    'HTTP_ACCEPT_ENCODING' => 'gzip, deflate'
    'HTTP_ACCEPT_LANGUAGE' => 'en-US,en;q=0.9'
    'HTTP_COOKIE' => '_ga=GA1.1.540934922.1614670549; drivers2usession=mrqeltqnprd83sch928fpr3m94; Swim987963backend=frmohrmr4iersiabd13137o5e0; _csrf=1a38e5b3fff7e193cd3edcc62fa1d6b6c8d81b9a064548277559733539660c47a%3A2%3A%7Bi%3A0%3Bs%3A5%3A%22_csrf%22%3Bi%3A1%3Bs%3A32%3A%225gaT15uA05HKp1rPP48sgPqXEXt7Whvx%22%3B%7D; Swim987963frontend=79bjtr927ctc9ps9mme21vrl10; _frontendCSRF=e29b001bc988382538ae9e1b77f444e1ef169feaeb41d8f847e7701e827bb3e8a%3A2%3A%7Bi%3A0%3Bs%3A13%3A%22_frontendCSRF%22%3Bi%3A1%3Bs%3A32%3A%2213vXQg4BfCejm0g3P0t2xP6RedXTFWy-%22%3B%7D; _gid=GA1.1.983313488.1615282834; _gat=1'
    'PATH' => 'C:\\Program Files (x86)\\Common Files\\Oracle\\Java\\javapath;C:\\Windows\\system32;C:\\Windows;C:\\Windows\\System32\\Wbem;C:\\Windows\\System32\\WindowsPowerShell\\v1.0\\;C:\\Program Files\\Microsoft SQL Server\\120\\Tools\\Binn\\;C:\\Program Files\\Microsoft SQL Server\\Client SDK\\ODBC\\110\\Tools\\Binn\\;C:\\Program Files (x86)\\Microsoft SQL Server\\120\\Tools\\Binn\\;C:\\Program Files\\Microsoft SQL Server\\120\\DTS\\Binn\\;C:\\Program Files (x86)\\Microsoft SQL Server\\120\\Tools\\Binn\\ManagementStudio\\;C:\\Program Files (x86)\\Microsoft SQL Server\\120\\DTS\\Binn\\;C:\\Program Files\\nodejs\\;C:\\Program Files\\PuTTY\\;E:\\xampp\\php;C:\\composer;C:\\Program Files\\Git\\cmd;C:\\Users\\Admin\\AppData\\Roaming\\npm;C:\\Users\\Admin\\AppData\\Roaming\\Composer\\vendor\\bin;C:\\Users\\Admin\\AppData\\Local\\Programs\\Microsoft VS Code\\bin'
    'SystemRoot' => 'C:\\Windows'
    'COMSPEC' => 'C:\\Windows\\system32\\cmd.exe'
    'PATHEXT' => '.COM;.EXE;.BAT;.CMD;.VBS;.VBE;.JS;.JSE;.WSF;.WSH;.MSC'
    'WINDIR' => 'C:\\Windows'
    'SERVER_SIGNATURE' => '<address>Apache/2.4.17 (Win32) OpenSSL/1.0.2d PHP/5.6.14 Server at 192.168.1.114 Port 80</address>
'
    'SERVER_SOFTWARE' => 'Apache/2.4.17 (Win32) OpenSSL/1.0.2d PHP/5.6.14'
    'SERVER_NAME' => '192.168.1.114'
    'SERVER_ADDR' => '192.168.1.114'
    'SERVER_PORT' => '80'
    'REMOTE_ADDR' => '192.168.1.114'
    'DOCUMENT_ROOT' => 'E:/xampp/htdocs'
    'REQUEST_SCHEME' => 'http'
    'CONTEXT_PREFIX' => ''
    'CONTEXT_DOCUMENT_ROOT' => 'E:/xampp/htdocs'
    'SERVER_ADMIN' => 'postmaster@localhost'
    'SCRIPT_FILENAME' => 'E:/xampp/htdocs/2021/drivers2u/index.php'
    'REMOTE_PORT' => '50475'
    'REDIRECT_URL' => 'http://192.168.1.114/2021/drivers2u/frontend/web/plugins/bootstrap/css/bootstrap.css.map'
    'GATEWAY_INTERFACE' => 'CGI/1.1'
    'SERVER_PROTOCOL' => 'HTTP/1.1'
    'REQUEST_METHOD' => 'GET'
    'QUERY_STRING' => ''
    'REQUEST_URI' => '/2021/drivers2u/frontend/web/plugins/bootstrap/css/bootstrap.css.map'
    'SCRIPT_NAME' => '/2021/drivers2u/index.php'
    'PHP_SELF' => '/2021/drivers2u/index.php'
    'REQUEST_TIME_FLOAT' => 1615282873.188
    'REQUEST_TIME' => 1615282873
]
2021-03-09 15:11:16 [192.168.1.114][-][79bjtr927ctc9ps9mme21vrl10][error][yii\web\HttpException:404] exception 'yii\base\InvalidRouteException' with message 'Unable to resolve the request "dashboard".' in E:\xampp\htdocs\2021\drivers2u\vendor\yiisoft\yii2\base\Module.php:537
Stack trace:
#0 E:\xampp\htdocs\2021\drivers2u\vendor\yiisoft\yii2\web\Application.php(103): yii\base\Module->runAction('dashboard', Array)
#1 E:\xampp\htdocs\2021\drivers2u\vendor\yiisoft\yii2\base\Application.php(386): yii\web\Application->handleRequest(Object(yii\web\Request))
#2 E:\xampp\htdocs\2021\drivers2u\index.php(48): yii\base\Application->run()
#3 {main}

Next exception 'yii\web\NotFoundHttpException' with message 'Page not found.' in E:\xampp\htdocs\2021\drivers2u\vendor\yiisoft\yii2\web\Application.php:115
Stack trace:
#0 E:\xampp\htdocs\2021\drivers2u\vendor\yiisoft\yii2\base\Application.php(386): yii\web\Application->handleRequest(Object(yii\web\Request))
#1 E:\xampp\htdocs\2021\drivers2u\index.php(48): yii\base\Application->run()
#2 {main}
2021-03-09 15:11:16 [192.168.1.114][-][79bjtr927ctc9ps9mme21vrl10][warning][yii\debug\Module::checkAccess] Access to debugger is denied due to IP address restriction. The requesting IP address is 192.168.1.114
    in E:\xampp\htdocs\2021\drivers2u\frontend\views\layouts\main.php:218
2021-03-09 15:11:16 [192.168.1.114][-][79bjtr927ctc9ps9mme21vrl10][warning][yii\debug\Module::checkAccess] Access to debugger is denied due to IP address restriction. The requesting IP address is 192.168.1.114
2021-03-09 15:11:16 [192.168.1.114][-][79bjtr927ctc9ps9mme21vrl10][info][application] $_GET = []

$_POST = []

$_FILES = []

$_COOKIE = [
    '_ga' => 'GA1.1.540934922.1614670549'
    'drivers2usession' => 'mrqeltqnprd83sch928fpr3m94'
    'Swim987963backend' => 'frmohrmr4iersiabd13137o5e0'
    '_csrf' => '1a38e5b3fff7e193cd3edcc62fa1d6b6c8d81b9a064548277559733539660c47a:2:{i:0;s:5:\"_csrf\";i:1;s:32:\"5gaT15uA05HKp1rPP48sgPqXEXt7Whvx\";}'
    'Swim987963frontend' => '79bjtr927ctc9ps9mme21vrl10'
    '_frontendCSRF' => 'e29b001bc988382538ae9e1b77f444e1ef169feaeb41d8f847e7701e827bb3e8a:2:{i:0;s:13:\"_frontendCSRF\";i:1;s:32:\"13vXQg4BfCejm0g3P0t2xP6RedXTFWy-\";}'
    '_gid' => 'GA1.1.983313488.1615282834'
    '_gat' => '1'
]

$_SESSION = [
    '__flash' => []
]

$_SERVER = [
    'MIBDIRS' => 'E:/xampp/php/extras/mibs'
    'MYSQL_HOME' => '\\xampp\\mysql\\bin'
    'OPENSSL_CONF' => 'E:/xampp/apache/bin/openssl.cnf'
    'PHP_PEAR_SYSCONF_DIR' => '\\xampp\\php'
    'PHPRC' => '\\xampp\\php'
    'TMP' => '\\xampp\\tmp'
    'HTTP_HOST' => '192.168.1.114'
    'HTTP_CONNECTION' => 'keep-alive'
    'HTTP_UPGRADE_INSECURE_REQUESTS' => '1'
    'HTTP_USER_AGENT' => 'Mozilla/5.0 (Windows NT 6.1; Win64; x64) AppleWebKit/537.36 (KHTML, like Gecko) Chrome/88.0.4324.190 Safari/537.36'
    'HTTP_ACCEPT' => 'text/html,application/xhtml+xml,application/xml;q=0.9,image/avif,image/webp,image/apng,*/*;q=0.8,application/signed-exchange;v=b3;q=0.9'
    'HTTP_REFERER' => 'http://192.168.1.114/2021/drivers2u/home'
    'HTTP_ACCEPT_ENCODING' => 'gzip, deflate'
    'HTTP_ACCEPT_LANGUAGE' => 'en-US,en;q=0.9'
    'HTTP_COOKIE' => '_ga=GA1.1.540934922.1614670549; drivers2usession=mrqeltqnprd83sch928fpr3m94; Swim987963backend=frmohrmr4iersiabd13137o5e0; _csrf=1a38e5b3fff7e193cd3edcc62fa1d6b6c8d81b9a064548277559733539660c47a%3A2%3A%7Bi%3A0%3Bs%3A5%3A%22_csrf%22%3Bi%3A1%3Bs%3A32%3A%225gaT15uA05HKp1rPP48sgPqXEXt7Whvx%22%3B%7D; Swim987963frontend=79bjtr927ctc9ps9mme21vrl10; _frontendCSRF=e29b001bc988382538ae9e1b77f444e1ef169feaeb41d8f847e7701e827bb3e8a%3A2%3A%7Bi%3A0%3Bs%3A13%3A%22_frontendCSRF%22%3Bi%3A1%3Bs%3A32%3A%2213vXQg4BfCejm0g3P0t2xP6RedXTFWy-%22%3B%7D; _gid=GA1.1.983313488.1615282834; _gat=1'
    'PATH' => 'C:\\Program Files (x86)\\Common Files\\Oracle\\Java\\javapath;C:\\Windows\\system32;C:\\Windows;C:\\Windows\\System32\\Wbem;C:\\Windows\\System32\\WindowsPowerShell\\v1.0\\;C:\\Program Files\\Microsoft SQL Server\\120\\Tools\\Binn\\;C:\\Program Files\\Microsoft SQL Server\\Client SDK\\ODBC\\110\\Tools\\Binn\\;C:\\Program Files (x86)\\Microsoft SQL Server\\120\\Tools\\Binn\\;C:\\Program Files\\Microsoft SQL Server\\120\\DTS\\Binn\\;C:\\Program Files (x86)\\Microsoft SQL Server\\120\\Tools\\Binn\\ManagementStudio\\;C:\\Program Files (x86)\\Microsoft SQL Server\\120\\DTS\\Binn\\;C:\\Program Files\\nodejs\\;C:\\Program Files\\PuTTY\\;E:\\xampp\\php;C:\\composer;C:\\Program Files\\Git\\cmd;C:\\Users\\Admin\\AppData\\Roaming\\npm;C:\\Users\\Admin\\AppData\\Roaming\\Composer\\vendor\\bin;C:\\Users\\Admin\\AppData\\Local\\Programs\\Microsoft VS Code\\bin'
    'SystemRoot' => 'C:\\Windows'
    'COMSPEC' => 'C:\\Windows\\system32\\cmd.exe'
    'PATHEXT' => '.COM;.EXE;.BAT;.CMD;.VBS;.VBE;.JS;.JSE;.WSF;.WSH;.MSC'
    'WINDIR' => 'C:\\Windows'
    'SERVER_SIGNATURE' => '<address>Apache/2.4.17 (Win32) OpenSSL/1.0.2d PHP/5.6.14 Server at 192.168.1.114 Port 80</address>
'
    'SERVER_SOFTWARE' => 'Apache/2.4.17 (Win32) OpenSSL/1.0.2d PHP/5.6.14'
    'SERVER_NAME' => '192.168.1.114'
    'SERVER_ADDR' => '192.168.1.114'
    'SERVER_PORT' => '80'
    'REMOTE_ADDR' => '192.168.1.114'
    'DOCUMENT_ROOT' => 'E:/xampp/htdocs'
    'REQUEST_SCHEME' => 'http'
    'CONTEXT_PREFIX' => ''
    'CONTEXT_DOCUMENT_ROOT' => 'E:/xampp/htdocs'
    'SERVER_ADMIN' => 'postmaster@localhost'
    'SCRIPT_FILENAME' => 'E:/xampp/htdocs/2021/drivers2u/index.php'
    'REMOTE_PORT' => '50481'
    'GATEWAY_INTERFACE' => 'CGI/1.1'
    'SERVER_PROTOCOL' => 'HTTP/1.1'
    'REQUEST_METHOD' => 'GET'
    'QUERY_STRING' => ''
    'REQUEST_URI' => '/2021/drivers2u/index.php/dashboard'
    'SCRIPT_NAME' => '/2021/drivers2u/index.php'
    'PATH_INFO' => '/dashboard'
    'PATH_TRANSLATED' => 'E:\\xampp\\htdocs\\dashboard'
    'PHP_SELF' => '/2021/drivers2u/index.php/dashboard'
    'REQUEST_TIME_FLOAT' => 1615282876.353
    'REQUEST_TIME' => 1615282876
]
2021-03-09 15:11:16 [192.168.1.114][-][79bjtr927ctc9ps9mme21vrl10][error][yii\web\HttpException:404] exception 'yii\base\InvalidRouteException' with message 'Unable to resolve the request "frontend/web/images/swim_logo1.png".' in E:\xampp\htdocs\2021\drivers2u\vendor\yiisoft\yii2\base\Module.php:537
Stack trace:
#0 E:\xampp\htdocs\2021\drivers2u\vendor\yiisoft\yii2\web\Application.php(103): yii\base\Module->runAction('frontend/web/im...', Array)
#1 E:\xampp\htdocs\2021\drivers2u\vendor\yiisoft\yii2\base\Application.php(386): yii\web\Application->handleRequest(Object(yii\web\Request))
#2 E:\xampp\htdocs\2021\drivers2u\index.php(48): yii\base\Application->run()
#3 {main}

Next exception 'yii\web\NotFoundHttpException' with message 'Page not found.' in E:\xampp\htdocs\2021\drivers2u\vendor\yiisoft\yii2\web\Application.php:115
Stack trace:
#0 E:\xampp\htdocs\2021\drivers2u\vendor\yiisoft\yii2\base\Application.php(386): yii\web\Application->handleRequest(Object(yii\web\Request))
#1 E:\xampp\htdocs\2021\drivers2u\index.php(48): yii\base\Application->run()
#2 {main}
2021-03-09 15:11:16 [192.168.1.114][-][79bjtr927ctc9ps9mme21vrl10][warning][yii\debug\Module::checkAccess] Access to debugger is denied due to IP address restriction. The requesting IP address is 192.168.1.114
    in E:\xampp\htdocs\2021\drivers2u\frontend\views\layouts\main.php:218
2021-03-09 15:11:16 [192.168.1.114][-][79bjtr927ctc9ps9mme21vrl10][warning][yii\debug\Module::checkAccess] Access to debugger is denied due to IP address restriction. The requesting IP address is 192.168.1.114
2021-03-09 15:11:16 [192.168.1.114][-][79bjtr927ctc9ps9mme21vrl10][info][application] $_GET = []

$_POST = []

$_FILES = []

$_COOKIE = [
    '_ga' => 'GA1.1.540934922.1614670549'
    'drivers2usession' => 'mrqeltqnprd83sch928fpr3m94'
    'Swim987963backend' => 'frmohrmr4iersiabd13137o5e0'
    '_csrf' => '1a38e5b3fff7e193cd3edcc62fa1d6b6c8d81b9a064548277559733539660c47a:2:{i:0;s:5:\"_csrf\";i:1;s:32:\"5gaT15uA05HKp1rPP48sgPqXEXt7Whvx\";}'
    'Swim987963frontend' => '79bjtr927ctc9ps9mme21vrl10'
    '_frontendCSRF' => 'e29b001bc988382538ae9e1b77f444e1ef169feaeb41d8f847e7701e827bb3e8a:2:{i:0;s:13:\"_frontendCSRF\";i:1;s:32:\"13vXQg4BfCejm0g3P0t2xP6RedXTFWy-\";}'
    '_gid' => 'GA1.1.983313488.1615282834'
    '_gat' => '1'
]

$_SESSION = [
    '__flash' => []
]

$_SERVER = [
    'REDIRECT_MIBDIRS' => 'E:/xampp/php/extras/mibs'
    'REDIRECT_MYSQL_HOME' => '\\xampp\\mysql\\bin'
    'REDIRECT_OPENSSL_CONF' => 'E:/xampp/apache/bin/openssl.cnf'
    'REDIRECT_PHP_PEAR_SYSCONF_DIR' => '\\xampp\\php'
    'REDIRECT_PHPRC' => '\\xampp\\php'
    'REDIRECT_TMP' => '\\xampp\\tmp'
    'REDIRECT_STATUS' => '200'
    'MIBDIRS' => 'E:/xampp/php/extras/mibs'
    'MYSQL_HOME' => '\\xampp\\mysql\\bin'
    'OPENSSL_CONF' => 'E:/xampp/apache/bin/openssl.cnf'
    'PHP_PEAR_SYSCONF_DIR' => '\\xampp\\php'
    'PHPRC' => '\\xampp\\php'
    'TMP' => '\\xampp\\tmp'
    'HTTP_HOST' => '192.168.1.114'
    'HTTP_CONNECTION' => 'keep-alive'
    'HTTP_USER_AGENT' => 'Mozilla/5.0 (Windows NT 6.1; Win64; x64) AppleWebKit/537.36 (KHTML, like Gecko) Chrome/88.0.4324.190 Safari/537.36'
    'HTTP_ACCEPT' => 'image/avif,image/webp,image/apng,image/svg+xml,image/*,*/*;q=0.8'
    'HTTP_REFERER' => 'http://192.168.1.114/2021/drivers2u/index.php/dashboard'
    'HTTP_ACCEPT_ENCODING' => 'gzip, deflate'
    'HTTP_ACCEPT_LANGUAGE' => 'en-US,en;q=0.9'
    'HTTP_COOKIE' => '_ga=GA1.1.540934922.1614670549; drivers2usession=mrqeltqnprd83sch928fpr3m94; Swim987963backend=frmohrmr4iersiabd13137o5e0; _csrf=1a38e5b3fff7e193cd3edcc62fa1d6b6c8d81b9a064548277559733539660c47a%3A2%3A%7Bi%3A0%3Bs%3A5%3A%22_csrf%22%3Bi%3A1%3Bs%3A32%3A%225gaT15uA05HKp1rPP48sgPqXEXt7Whvx%22%3B%7D; Swim987963frontend=79bjtr927ctc9ps9mme21vrl10; _frontendCSRF=e29b001bc988382538ae9e1b77f444e1ef169feaeb41d8f847e7701e827bb3e8a%3A2%3A%7Bi%3A0%3Bs%3A13%3A%22_frontendCSRF%22%3Bi%3A1%3Bs%3A32%3A%2213vXQg4BfCejm0g3P0t2xP6RedXTFWy-%22%3B%7D; _gid=GA1.1.983313488.1615282834; _gat=1'
    'PATH' => 'C:\\Program Files (x86)\\Common Files\\Oracle\\Java\\javapath;C:\\Windows\\system32;C:\\Windows;C:\\Windows\\System32\\Wbem;C:\\Windows\\System32\\WindowsPowerShell\\v1.0\\;C:\\Program Files\\Microsoft SQL Server\\120\\Tools\\Binn\\;C:\\Program Files\\Microsoft SQL Server\\Client SDK\\ODBC\\110\\Tools\\Binn\\;C:\\Program Files (x86)\\Microsoft SQL Server\\120\\Tools\\Binn\\;C:\\Program Files\\Microsoft SQL Server\\120\\DTS\\Binn\\;C:\\Program Files (x86)\\Microsoft SQL Server\\120\\Tools\\Binn\\ManagementStudio\\;C:\\Program Files (x86)\\Microsoft SQL Server\\120\\DTS\\Binn\\;C:\\Program Files\\nodejs\\;C:\\Program Files\\PuTTY\\;E:\\xampp\\php;C:\\composer;C:\\Program Files\\Git\\cmd;C:\\Users\\Admin\\AppData\\Roaming\\npm;C:\\Users\\Admin\\AppData\\Roaming\\Composer\\vendor\\bin;C:\\Users\\Admin\\AppData\\Local\\Programs\\Microsoft VS Code\\bin'
    'SystemRoot' => 'C:\\Windows'
    'COMSPEC' => 'C:\\Windows\\system32\\cmd.exe'
    'PATHEXT' => '.COM;.EXE;.BAT;.CMD;.VBS;.VBE;.JS;.JSE;.WSF;.WSH;.MSC'
    'WINDIR' => 'C:\\Windows'
    'SERVER_SIGNATURE' => '<address>Apache/2.4.17 (Win32) OpenSSL/1.0.2d PHP/5.6.14 Server at 192.168.1.114 Port 80</address>
'
    'SERVER_SOFTWARE' => 'Apache/2.4.17 (Win32) OpenSSL/1.0.2d PHP/5.6.14'
    'SERVER_NAME' => '192.168.1.114'
    'SERVER_ADDR' => '192.168.1.114'
    'SERVER_PORT' => '80'
    'REMOTE_ADDR' => '192.168.1.114'
    'DOCUMENT_ROOT' => 'E:/xampp/htdocs'
    'REQUEST_SCHEME' => 'http'
    'CONTEXT_PREFIX' => ''
    'CONTEXT_DOCUMENT_ROOT' => 'E:/xampp/htdocs'
    'SERVER_ADMIN' => 'postmaster@localhost'
    'SCRIPT_FILENAME' => 'E:/xampp/htdocs/2021/drivers2u/index.php'
    'REMOTE_PORT' => '50481'
    'REDIRECT_URL' => 'http://192.168.1.114/2021/drivers2u/frontend/web/images/swim_logo1.png'
    'GATEWAY_INTERFACE' => 'CGI/1.1'
    'SERVER_PROTOCOL' => 'HTTP/1.1'
    'REQUEST_METHOD' => 'GET'
    'QUERY_STRING' => ''
    'REQUEST_URI' => '/2021/drivers2u/frontend/web/images/swim_logo1.png'
    'SCRIPT_NAME' => '/2021/drivers2u/index.php'
    'PHP_SELF' => '/2021/drivers2u/index.php'
    'REQUEST_TIME_FLOAT' => 1615282876.494
    'REQUEST_TIME' => 1615282876
]
2021-03-09 15:11:31 [192.168.1.114][-][79bjtr927ctc9ps9mme21vrl10][error][yii\web\HttpException:404] exception 'yii\base\InvalidRouteException' with message 'Unable to resolve the request "dashboard".' in E:\xampp\htdocs\2021\drivers2u\vendor\yiisoft\yii2\base\Module.php:537
Stack trace:
#0 E:\xampp\htdocs\2021\drivers2u\vendor\yiisoft\yii2\web\Application.php(103): yii\base\Module->runAction('dashboard', Array)
#1 E:\xampp\htdocs\2021\drivers2u\vendor\yiisoft\yii2\base\Application.php(386): yii\web\Application->handleRequest(Object(yii\web\Request))
#2 E:\xampp\htdocs\2021\drivers2u\index.php(48): yii\base\Application->run()
#3 {main}

Next exception 'yii\web\NotFoundHttpException' with message 'Page not found.' in E:\xampp\htdocs\2021\drivers2u\vendor\yiisoft\yii2\web\Application.php:115
Stack trace:
#0 E:\xampp\htdocs\2021\drivers2u\vendor\yiisoft\yii2\base\Application.php(386): yii\web\Application->handleRequest(Object(yii\web\Request))
#1 E:\xampp\htdocs\2021\drivers2u\index.php(48): yii\base\Application->run()
#2 {main}
2021-03-09 15:11:31 [192.168.1.114][-][79bjtr927ctc9ps9mme21vrl10][warning][yii\debug\Module::checkAccess] Access to debugger is denied due to IP address restriction. The requesting IP address is 192.168.1.114
    in E:\xampp\htdocs\2021\drivers2u\frontend\views\layouts\main.php:218
2021-03-09 15:11:31 [192.168.1.114][-][79bjtr927ctc9ps9mme21vrl10][warning][yii\debug\Module::checkAccess] Access to debugger is denied due to IP address restriction. The requesting IP address is 192.168.1.114
2021-03-09 15:11:31 [192.168.1.114][-][79bjtr927ctc9ps9mme21vrl10][info][application] $_GET = []

$_POST = []

$_FILES = []

$_COOKIE = [
    '_ga' => 'GA1.1.540934922.1614670549'
    'drivers2usession' => 'mrqeltqnprd83sch928fpr3m94'
    'Swim987963backend' => 'frmohrmr4iersiabd13137o5e0'
    '_csrf' => '1a38e5b3fff7e193cd3edcc62fa1d6b6c8d81b9a064548277559733539660c47a:2:{i:0;s:5:\"_csrf\";i:1;s:32:\"5gaT15uA05HKp1rPP48sgPqXEXt7Whvx\";}'
    'Swim987963frontend' => '79bjtr927ctc9ps9mme21vrl10'
    '_frontendCSRF' => 'e29b001bc988382538ae9e1b77f444e1ef169feaeb41d8f847e7701e827bb3e8a:2:{i:0;s:13:\"_frontendCSRF\";i:1;s:32:\"13vXQg4BfCejm0g3P0t2xP6RedXTFWy-\";}'
    '_gid' => 'GA1.1.983313488.1615282834'
    '_gat' => '1'
]

$_SESSION = [
    '__flash' => []
]

$_SERVER = [
    'MIBDIRS' => 'E:/xampp/php/extras/mibs'
    'MYSQL_HOME' => '\\xampp\\mysql\\bin'
    'OPENSSL_CONF' => 'E:/xampp/apache/bin/openssl.cnf'
    'PHP_PEAR_SYSCONF_DIR' => '\\xampp\\php'
    'PHPRC' => '\\xampp\\php'
    'TMP' => '\\xampp\\tmp'
    'HTTP_HOST' => '192.168.1.114'
    'HTTP_CONNECTION' => 'keep-alive'
    'HTTP_CACHE_CONTROL' => 'max-age=0'
    'HTTP_UPGRADE_INSECURE_REQUESTS' => '1'
    'HTTP_USER_AGENT' => 'Mozilla/5.0 (Windows NT 6.1; Win64; x64) AppleWebKit/537.36 (KHTML, like Gecko) Chrome/88.0.4324.190 Safari/537.36'
    'HTTP_ACCEPT' => 'text/html,application/xhtml+xml,application/xml;q=0.9,image/avif,image/webp,image/apng,*/*;q=0.8,application/signed-exchange;v=b3;q=0.9'
    'HTTP_REFERER' => 'http://192.168.1.114/2021/drivers2u/home'
    'HTTP_ACCEPT_ENCODING' => 'gzip, deflate'
    'HTTP_ACCEPT_LANGUAGE' => 'en-US,en;q=0.9'
    'HTTP_COOKIE' => '_ga=GA1.1.540934922.1614670549; drivers2usession=mrqeltqnprd83sch928fpr3m94; Swim987963backend=frmohrmr4iersiabd13137o5e0; _csrf=1a38e5b3fff7e193cd3edcc62fa1d6b6c8d81b9a064548277559733539660c47a%3A2%3A%7Bi%3A0%3Bs%3A5%3A%22_csrf%22%3Bi%3A1%3Bs%3A32%3A%225gaT15uA05HKp1rPP48sgPqXEXt7Whvx%22%3B%7D; Swim987963frontend=79bjtr927ctc9ps9mme21vrl10; _frontendCSRF=e29b001bc988382538ae9e1b77f444e1ef169feaeb41d8f847e7701e827bb3e8a%3A2%3A%7Bi%3A0%3Bs%3A13%3A%22_frontendCSRF%22%3Bi%3A1%3Bs%3A32%3A%2213vXQg4BfCejm0g3P0t2xP6RedXTFWy-%22%3B%7D; _gid=GA1.1.983313488.1615282834; _gat=1'
    'PATH' => 'C:\\Program Files (x86)\\Common Files\\Oracle\\Java\\javapath;C:\\Windows\\system32;C:\\Windows;C:\\Windows\\System32\\Wbem;C:\\Windows\\System32\\WindowsPowerShell\\v1.0\\;C:\\Program Files\\Microsoft SQL Server\\120\\Tools\\Binn\\;C:\\Program Files\\Microsoft SQL Server\\Client SDK\\ODBC\\110\\Tools\\Binn\\;C:\\Program Files (x86)\\Microsoft SQL Server\\120\\Tools\\Binn\\;C:\\Program Files\\Microsoft SQL Server\\120\\DTS\\Binn\\;C:\\Program Files (x86)\\Microsoft SQL Server\\120\\Tools\\Binn\\ManagementStudio\\;C:\\Program Files (x86)\\Microsoft SQL Server\\120\\DTS\\Binn\\;C:\\Program Files\\nodejs\\;C:\\Program Files\\PuTTY\\;E:\\xampp\\php;C:\\composer;C:\\Program Files\\Git\\cmd;C:\\Users\\Admin\\AppData\\Roaming\\npm;C:\\Users\\Admin\\AppData\\Roaming\\Composer\\vendor\\bin;C:\\Users\\Admin\\AppData\\Local\\Programs\\Microsoft VS Code\\bin'
    'SystemRoot' => 'C:\\Windows'
    'COMSPEC' => 'C:\\Windows\\system32\\cmd.exe'
    'PATHEXT' => '.COM;.EXE;.BAT;.CMD;.VBS;.VBE;.JS;.JSE;.WSF;.WSH;.MSC'
    'WINDIR' => 'C:\\Windows'
    'SERVER_SIGNATURE' => '<address>Apache/2.4.17 (Win32) OpenSSL/1.0.2d PHP/5.6.14 Server at 192.168.1.114 Port 80</address>
'
    'SERVER_SOFTWARE' => 'Apache/2.4.17 (Win32) OpenSSL/1.0.2d PHP/5.6.14'
    'SERVER_NAME' => '192.168.1.114'
    'SERVER_ADDR' => '192.168.1.114'
    'SERVER_PORT' => '80'
    'REMOTE_ADDR' => '192.168.1.114'
    'DOCUMENT_ROOT' => 'E:/xampp/htdocs'
    'REQUEST_SCHEME' => 'http'
    'CONTEXT_PREFIX' => ''
    'CONTEXT_DOCUMENT_ROOT' => 'E:/xampp/htdocs'
    'SERVER_ADMIN' => 'postmaster@localhost'
    'SCRIPT_FILENAME' => 'E:/xampp/htdocs/2021/drivers2u/index.php'
    'REMOTE_PORT' => '50485'
    'GATEWAY_INTERFACE' => 'CGI/1.1'
    'SERVER_PROTOCOL' => 'HTTP/1.1'
    'REQUEST_METHOD' => 'GET'
    'QUERY_STRING' => ''
    'REQUEST_URI' => '/2021/drivers2u/index.php/dashboard'
    'SCRIPT_NAME' => '/2021/drivers2u/index.php'
    'PATH_INFO' => '/dashboard'
    'PATH_TRANSLATED' => 'E:\\xampp\\htdocs\\dashboard'
    'PHP_SELF' => '/2021/drivers2u/index.php/dashboard'
    'REQUEST_TIME_FLOAT' => 1615282891.837
    'REQUEST_TIME' => 1615282891
]
2021-03-09 15:11:32 [192.168.1.114][-][79bjtr927ctc9ps9mme21vrl10][error][yii\web\HttpException:404] exception 'yii\base\InvalidRouteException' with message 'Unable to resolve the request "frontend/web/images/swim_logo1.png".' in E:\xampp\htdocs\2021\drivers2u\vendor\yiisoft\yii2\base\Module.php:537
Stack trace:
#0 E:\xampp\htdocs\2021\drivers2u\vendor\yiisoft\yii2\web\Application.php(103): yii\base\Module->runAction('frontend/web/im...', Array)
#1 E:\xampp\htdocs\2021\drivers2u\vendor\yiisoft\yii2\base\Application.php(386): yii\web\Application->handleRequest(Object(yii\web\Request))
#2 E:\xampp\htdocs\2021\drivers2u\index.php(48): yii\base\Application->run()
#3 {main}

Next exception 'yii\web\NotFoundHttpException' with message 'Page not found.' in E:\xampp\htdocs\2021\drivers2u\vendor\yiisoft\yii2\web\Application.php:115
Stack trace:
#0 E:\xampp\htdocs\2021\drivers2u\vendor\yiisoft\yii2\base\Application.php(386): yii\web\Application->handleRequest(Object(yii\web\Request))
#1 E:\xampp\htdocs\2021\drivers2u\index.php(48): yii\base\Application->run()
#2 {main}
2021-03-09 15:11:32 [192.168.1.114][-][79bjtr927ctc9ps9mme21vrl10][warning][yii\debug\Module::checkAccess] Access to debugger is denied due to IP address restriction. The requesting IP address is 192.168.1.114
    in E:\xampp\htdocs\2021\drivers2u\frontend\views\layouts\main.php:218
2021-03-09 15:11:32 [192.168.1.114][-][79bjtr927ctc9ps9mme21vrl10][warning][yii\debug\Module::checkAccess] Access to debugger is denied due to IP address restriction. The requesting IP address is 192.168.1.114
2021-03-09 15:11:31 [192.168.1.114][-][79bjtr927ctc9ps9mme21vrl10][info][application] $_GET = []

$_POST = []

$_FILES = []

$_COOKIE = [
    '_ga' => 'GA1.1.540934922.1614670549'
    'drivers2usession' => 'mrqeltqnprd83sch928fpr3m94'
    'Swim987963backend' => 'frmohrmr4iersiabd13137o5e0'
    '_csrf' => '1a38e5b3fff7e193cd3edcc62fa1d6b6c8d81b9a064548277559733539660c47a:2:{i:0;s:5:\"_csrf\";i:1;s:32:\"5gaT15uA05HKp1rPP48sgPqXEXt7Whvx\";}'
    'Swim987963frontend' => '79bjtr927ctc9ps9mme21vrl10'
    '_frontendCSRF' => 'e29b001bc988382538ae9e1b77f444e1ef169feaeb41d8f847e7701e827bb3e8a:2:{i:0;s:13:\"_frontendCSRF\";i:1;s:32:\"13vXQg4BfCejm0g3P0t2xP6RedXTFWy-\";}'
    '_gid' => 'GA1.1.983313488.1615282834'
    '_gat' => '1'
]

$_SESSION = [
    '__flash' => []
]

$_SERVER = [
    'REDIRECT_MIBDIRS' => 'E:/xampp/php/extras/mibs'
    'REDIRECT_MYSQL_HOME' => '\\xampp\\mysql\\bin'
    'REDIRECT_OPENSSL_CONF' => 'E:/xampp/apache/bin/openssl.cnf'
    'REDIRECT_PHP_PEAR_SYSCONF_DIR' => '\\xampp\\php'
    'REDIRECT_PHPRC' => '\\xampp\\php'
    'REDIRECT_TMP' => '\\xampp\\tmp'
    'REDIRECT_STATUS' => '200'
    'MIBDIRS' => 'E:/xampp/php/extras/mibs'
    'MYSQL_HOME' => '\\xampp\\mysql\\bin'
    'OPENSSL_CONF' => 'E:/xampp/apache/bin/openssl.cnf'
    'PHP_PEAR_SYSCONF_DIR' => '\\xampp\\php'
    'PHPRC' => '\\xampp\\php'
    'TMP' => '\\xampp\\tmp'
    'HTTP_HOST' => '192.168.1.114'
    'HTTP_CONNECTION' => 'keep-alive'
    'HTTP_USER_AGENT' => 'Mozilla/5.0 (Windows NT 6.1; Win64; x64) AppleWebKit/537.36 (KHTML, like Gecko) Chrome/88.0.4324.190 Safari/537.36'
    'HTTP_ACCEPT' => 'image/avif,image/webp,image/apng,image/svg+xml,image/*,*/*;q=0.8'
    'HTTP_REFERER' => 'http://192.168.1.114/2021/drivers2u/index.php/dashboard'
    'HTTP_ACCEPT_ENCODING' => 'gzip, deflate'
    'HTTP_ACCEPT_LANGUAGE' => 'en-US,en;q=0.9'
    'HTTP_COOKIE' => '_ga=GA1.1.540934922.1614670549; drivers2usession=mrqeltqnprd83sch928fpr3m94; Swim987963backend=frmohrmr4iersiabd13137o5e0; _csrf=1a38e5b3fff7e193cd3edcc62fa1d6b6c8d81b9a064548277559733539660c47a%3A2%3A%7Bi%3A0%3Bs%3A5%3A%22_csrf%22%3Bi%3A1%3Bs%3A32%3A%225gaT15uA05HKp1rPP48sgPqXEXt7Whvx%22%3B%7D; Swim987963frontend=79bjtr927ctc9ps9mme21vrl10; _frontendCSRF=e29b001bc988382538ae9e1b77f444e1ef169feaeb41d8f847e7701e827bb3e8a%3A2%3A%7Bi%3A0%3Bs%3A13%3A%22_frontendCSRF%22%3Bi%3A1%3Bs%3A32%3A%2213vXQg4BfCejm0g3P0t2xP6RedXTFWy-%22%3B%7D; _gid=GA1.1.983313488.1615282834; _gat=1'
    'PATH' => 'C:\\Program Files (x86)\\Common Files\\Oracle\\Java\\javapath;C:\\Windows\\system32;C:\\Windows;C:\\Windows\\System32\\Wbem;C:\\Windows\\System32\\WindowsPowerShell\\v1.0\\;C:\\Program Files\\Microsoft SQL Server\\120\\Tools\\Binn\\;C:\\Program Files\\Microsoft SQL Server\\Client SDK\\ODBC\\110\\Tools\\Binn\\;C:\\Program Files (x86)\\Microsoft SQL Server\\120\\Tools\\Binn\\;C:\\Program Files\\Microsoft SQL Server\\120\\DTS\\Binn\\;C:\\Program Files (x86)\\Microsoft SQL Server\\120\\Tools\\Binn\\ManagementStudio\\;C:\\Program Files (x86)\\Microsoft SQL Server\\120\\DTS\\Binn\\;C:\\Program Files\\nodejs\\;C:\\Program Files\\PuTTY\\;E:\\xampp\\php;C:\\composer;C:\\Program Files\\Git\\cmd;C:\\Users\\Admin\\AppData\\Roaming\\npm;C:\\Users\\Admin\\AppData\\Roaming\\Composer\\vendor\\bin;C:\\Users\\Admin\\AppData\\Local\\Programs\\Microsoft VS Code\\bin'
    'SystemRoot' => 'C:\\Windows'
    'COMSPEC' => 'C:\\Windows\\system32\\cmd.exe'
    'PATHEXT' => '.COM;.EXE;.BAT;.CMD;.VBS;.VBE;.JS;.JSE;.WSF;.WSH;.MSC'
    'WINDIR' => 'C:\\Windows'
    'SERVER_SIGNATURE' => '<address>Apache/2.4.17 (Win32) OpenSSL/1.0.2d PHP/5.6.14 Server at 192.168.1.114 Port 80</address>
'
    'SERVER_SOFTWARE' => 'Apache/2.4.17 (Win32) OpenSSL/1.0.2d PHP/5.6.14'
    'SERVER_NAME' => '192.168.1.114'
    'SERVER_ADDR' => '192.168.1.114'
    'SERVER_PORT' => '80'
    'REMOTE_ADDR' => '192.168.1.114'
    'DOCUMENT_ROOT' => 'E:/xampp/htdocs'
    'REQUEST_SCHEME' => 'http'
    'CONTEXT_PREFIX' => ''
    'CONTEXT_DOCUMENT_ROOT' => 'E:/xampp/htdocs'
    'SERVER_ADMIN' => 'postmaster@localhost'
    'SCRIPT_FILENAME' => 'E:/xampp/htdocs/2021/drivers2u/index.php'
    'REMOTE_PORT' => '50485'
    'REDIRECT_URL' => 'http://192.168.1.114/2021/drivers2u/frontend/web/images/swim_logo1.png'
    'GATEWAY_INTERFACE' => 'CGI/1.1'
    'SERVER_PROTOCOL' => 'HTTP/1.1'
    'REQUEST_METHOD' => 'GET'
    'QUERY_STRING' => ''
    'REQUEST_URI' => '/2021/drivers2u/frontend/web/images/swim_logo1.png'
    'SCRIPT_NAME' => '/2021/drivers2u/index.php'
    'PHP_SELF' => '/2021/drivers2u/index.php'
    'REQUEST_TIME_FLOAT' => 1615282891.983
    'REQUEST_TIME' => 1615282891
]
